2026-04-08 11:10:46,710 INFO [apiautotest] [conftest.py (aalogger_init:29) - 日志初始化成功]
2026-04-08 11:10:46,712 DEBUG [apiautotest] [client.py (send:25) - =================================================]
2026-04-08 11:10:46,712 DEBUG [apiautotest] [client.py (send:26) - 接口url:http://82.156.74.26:7002/possport/login]
2026-04-08 11:10:46,712 DEBUG [apiautotest] [client.py (send:27) - 接口method:post]
2026-04-08 11:10:46,712 DEBUG [apiautotest] [client.py (send:28) - 接口headers:{'Authorization': ''}]
2026-04-08 11:10:46,712 DEBUG [apiautotest] [client.py (send:29) - 接口params:None]
2026-04-08 11:10:46,713 DEBUG [apiautotest] [client.py (send:30) - 接口data:{'username': 'shamo', 'password': '07d21aad0a7217d58111bc8ae421bc34', 'capcha': '1512', 'uuid': 'asdasdasdasd'}]
2026-04-08 11:10:46,713 DEBUG [apiautotest] [client.py (send:31) - 接口json:None]
2026-04-08 11:10:46,713 DEBUG [apiautotest] [client.py (send:32) - 接口files:None]
2026-04-08 11:11:07,757 ERROR [apiautotest] [client.py (send:49) - 接口发起失败]
Traceback (most recent call last):
  File "D:\pycharm\ApiObjectFramework\.venv\Lib\site-packages\urllib3\connection.py", line 204, in _new_conn
    sock = connection.create_connection(
           ^^^^^^^^^^^^^^^^^^^^^^^^^^^^^
  File "D:\pycharm\ApiObjectFramework\.venv\Lib\site-packages\urllib3\util\connection.py", line 85, in create_connection
    raise err
  File "D:\pycharm\ApiObjectFramework\.venv\Lib\site-packages\urllib3\util\connection.py", line 73, in create_connection
    sock.connect(sa)
TimeoutError: [WinError 10060] 由于连接方在一段时间后没有正确答复或连接的主机没有反应，连接尝试失败。

The above exception was the direct cause of the following exception:

Traceback (most recent call last):
  File "D:\pycharm\ApiObjectFramework\.venv\Lib\site-packages\urllib3\connectionpool.py", line 787, in urlopen
    response = self._make_request(
               ^^^^^^^^^^^^^^^^^^^
  File "D:\pycharm\ApiObjectFramework\.venv\Lib\site-packages\urllib3\connectionpool.py", line 493, in _make_request
    conn.request(
  File "D:\pycharm\ApiObjectFramework\.venv\Lib\site-packages\urllib3\connection.py", line 500, in request
    self.endheaders()
  File "D:\python3.12.10\Lib\http\client.py", line 1333, in endheaders
    self._send_output(message_body, encode_chunked=encode_chunked)
  File "D:\python3.12.10\Lib\http\client.py", line 1093, in _send_output
    self.send(msg)
  File "D:\python3.12.10\Lib\http\client.py", line 1037, in send
    self.connect()
  File "D:\pycharm\ApiObjectFramework\.venv\Lib\site-packages\urllib3\connection.py", line 331, in connect
    self.sock = self._new_conn()
                ^^^^^^^^^^^^^^^^
  File "D:\pycharm\ApiObjectFramework\.venv\Lib\site-packages\urllib3\connection.py", line 213, in _new_conn
    raise ConnectTimeoutError(
urllib3.exceptions.ConnectTimeoutError: (<HTTPConnection(host='82.156.74.26', port=7002) at 0x261c7234590>, 'Connection to 82.156.74.26 timed out. (connect timeout=None)')

The above exception was the direct cause of the following exception:

Traceback (most recent call last):
  File "D:\pycharm\ApiObjectFramework\.venv\Lib\site-packages\requests\adapters.py", line 644, in send
    resp = conn.urlopen(
           ^^^^^^^^^^^^^
  File "D:\pycharm\ApiObjectFramework\.venv\Lib\site-packages\urllib3\connectionpool.py", line 841, in urlopen
    retries = retries.increment(
              ^^^^^^^^^^^^^^^^^^
  File "D:\pycharm\ApiObjectFramework\.venv\Lib\site-packages\urllib3\util\retry.py", line 535, in increment
    raise MaxRetryError(_pool, url, reason) from reason  # type: ignore[arg-type]
    ^^^^^^^^^^^^^^^^^^^^^^^^^^^^^^^^^^^^^^^^^^^^^^^^^^^
urllib3.exceptions.MaxRetryError: HTTPConnectionPool(host='82.156.74.26', port=7002): Max retries exceeded with url: /possport/login (Caused by ConnectTimeoutError(<HTTPConnection(host='82.156.74.26', port=7002) at 0x261c7234590>, 'Connection to 82.156.74.26 timed out. (connect timeout=None)'))

During handling of the above exception, another exception occurred:

Traceback (most recent call last):
  File "D:\pycharm\ApiObjectFramework\common\client.py", line 38, in send
    self.resp = RequestsClient.session.request(method=self.method,
                ^^^^^^^^^^^^^^^^^^^^^^^^^^^^^^^^^^^^^^^^^^^^^^^^^^
  File "D:\pycharm\ApiObjectFramework\.venv\Lib\site-packages\requests\sessions.py", line 589, in request
    resp = self.send(prep, **send_kwargs)
           ^^^^^^^^^^^^^^^^^^^^^^^^^^^^^^
  File "D:\pycharm\ApiObjectFramework\.venv\Lib\site-packages\requests\sessions.py", line 703, in send
    r = adapter.send(request, **kwargs)
        ^^^^^^^^^^^^^^^^^^^^^^^^^^^^^^^
  File "D:\pycharm\ApiObjectFramework\.venv\Lib\site-packages\requests\adapters.py", line 665, in send
    raise ConnectTimeout(e, request=request)
requests.exceptions.ConnectTimeout: HTTPConnectionPool(host='82.156.74.26', port=7002): Max retries exceeded with url: /possport/login (Caused by ConnectTimeoutError(<HTTPConnection(host='82.156.74.26', port=7002) at 0x261c7234590>, 'Connection to 82.156.74.26 timed out. (connect timeout=None)'))
2026-04-08 11:11:08,042 DEBUG [apiautotest] [client.py (send:25) - =================================================]
2026-04-08 11:11:08,042 DEBUG [apiautotest] [client.py (send:26) - 接口url:http://82.156.74.26:7002/possport/login]
2026-04-08 11:11:08,042 DEBUG [apiautotest] [client.py (send:27) - 接口method:post]
2026-04-08 11:11:08,042 DEBUG [apiautotest] [client.py (send:28) - 接口headers:{'Authorization': ''}]
2026-04-08 11:11:08,042 DEBUG [apiautotest] [client.py (send:29) - 接口params:None]
2026-04-08 11:11:08,042 DEBUG [apiautotest] [client.py (send:30) - 接口data:{'username': 'shamo', 'password': '07d21aad0a7217d58111bc8ae421bc34', 'capcha': '1512', 'uuid': 'asdasdasdasd'}]
2026-04-08 11:11:08,042 DEBUG [apiautotest] [client.py (send:31) - 接口json:None]
2026-04-08 11:11:08,042 DEBUG [apiautotest] [client.py (send:32) - 接口files:None]
2026-04-08 11:11:29,100 ERROR [apiautotest] [client.py (send:49) - 接口发起失败]
Traceback (most recent call last):
  File "D:\pycharm\ApiObjectFramework\.venv\Lib\site-packages\urllib3\connection.py", line 204, in _new_conn
    sock = connection.create_connection(
           ^^^^^^^^^^^^^^^^^^^^^^^^^^^^^
  File "D:\pycharm\ApiObjectFramework\.venv\Lib\site-packages\urllib3\util\connection.py", line 85, in create_connection
    raise err
  File "D:\pycharm\ApiObjectFramework\.venv\Lib\site-packages\urllib3\util\connection.py", line 73, in create_connection
    sock.connect(sa)
TimeoutError: [WinError 10060] 由于连接方在一段时间后没有正确答复或连接的主机没有反应，连接尝试失败。

The above exception was the direct cause of the following exception:

Traceback (most recent call last):
  File "D:\pycharm\ApiObjectFramework\.venv\Lib\site-packages\urllib3\connectionpool.py", line 787, in urlopen
    response = self._make_request(
               ^^^^^^^^^^^^^^^^^^^
  File "D:\pycharm\ApiObjectFramework\.venv\Lib\site-packages\urllib3\connectionpool.py", line 493, in _make_request
    conn.request(
  File "D:\pycharm\ApiObjectFramework\.venv\Lib\site-packages\urllib3\connection.py", line 500, in request
    self.endheaders()
  File "D:\python3.12.10\Lib\http\client.py", line 1333, in endheaders
    self._send_output(message_body, encode_chunked=encode_chunked)
  File "D:\python3.12.10\Lib\http\client.py", line 1093, in _send_output
    self.send(msg)
  File "D:\python3.12.10\Lib\http\client.py", line 1037, in send
    self.connect()
  File "D:\pycharm\ApiObjectFramework\.venv\Lib\site-packages\urllib3\connection.py", line 331, in connect
    self.sock = self._new_conn()
                ^^^^^^^^^^^^^^^^
  File "D:\pycharm\ApiObjectFramework\.venv\Lib\site-packages\urllib3\connection.py", line 213, in _new_conn
    raise ConnectTimeoutError(
urllib3.exceptions.ConnectTimeoutError: (<HTTPConnection(host='82.156.74.26', port=7002) at 0x261cc50c740>, 'Connection to 82.156.74.26 timed out. (connect timeout=None)')

The above exception was the direct cause of the following exception:

Traceback (most recent call last):
  File "D:\pycharm\ApiObjectFramework\.venv\Lib\site-packages\requests\adapters.py", line 644, in send
    resp = conn.urlopen(
           ^^^^^^^^^^^^^
  File "D:\pycharm\ApiObjectFramework\.venv\Lib\site-packages\urllib3\connectionpool.py", line 841, in urlopen
    retries = retries.increment(
              ^^^^^^^^^^^^^^^^^^
  File "D:\pycharm\ApiObjectFramework\.venv\Lib\site-packages\urllib3\util\retry.py", line 535, in increment
    raise MaxRetryError(_pool, url, reason) from reason  # type: ignore[arg-type]
    ^^^^^^^^^^^^^^^^^^^^^^^^^^^^^^^^^^^^^^^^^^^^^^^^^^^
urllib3.exceptions.MaxRetryError: HTTPConnectionPool(host='82.156.74.26', port=7002): Max retries exceeded with url: /possport/login (Caused by ConnectTimeoutError(<HTTPConnection(host='82.156.74.26', port=7002) at 0x261cc50c740>, 'Connection to 82.156.74.26 timed out. (connect timeout=None)'))

During handling of the above exception, another exception occurred:

Traceback (most recent call last):
  File "D:\pycharm\ApiObjectFramework\common\client.py", line 38, in send
    self.resp = RequestsClient.session.request(method=self.method,
                ^^^^^^^^^^^^^^^^^^^^^^^^^^^^^^^^^^^^^^^^^^^^^^^^^^
  File "D:\pycharm\ApiObjectFramework\.venv\Lib\site-packages\requests\sessions.py", line 589, in request
    resp = self.send(prep, **send_kwargs)
           ^^^^^^^^^^^^^^^^^^^^^^^^^^^^^^
  File "D:\pycharm\ApiObjectFramework\.venv\Lib\site-packages\requests\sessions.py", line 703, in send
    r = adapter.send(request, **kwargs)
        ^^^^^^^^^^^^^^^^^^^^^^^^^^^^^^^
  File "D:\pycharm\ApiObjectFramework\.venv\Lib\site-packages\requests\adapters.py", line 665, in send
    raise ConnectTimeout(e, request=request)
requests.exceptions.ConnectTimeout: HTTPConnectionPool(host='82.156.74.26', port=7002): Max retries exceeded with url: /possport/login (Caused by ConnectTimeoutError(<HTTPConnection(host='82.156.74.26', port=7002) at 0x261cc50c740>, 'Connection to 82.156.74.26 timed out. (connect timeout=None)'))
2026-04-08 11:11:29,258 DEBUG [apiautotest] [client.py (send:25) - =================================================]
2026-04-08 11:11:29,258 DEBUG [apiautotest] [client.py (send:26) - 接口url:http://82.156.74.26:7002/possport/login]
2026-04-08 11:11:29,259 DEBUG [apiautotest] [client.py (send:27) - 接口method:post]
2026-04-08 11:11:29,259 DEBUG [apiautotest] [client.py (send:28) - 接口headers:{'Authorization': ''}]
2026-04-08 11:11:29,259 DEBUG [apiautotest] [client.py (send:29) - 接口params:None]
2026-04-08 11:11:29,259 DEBUG [apiautotest] [client.py (send:30) - 接口data:{'username': 'shamo', 'password': '07d21aad0a7217d58111bc8ae421bc34', 'capcha': '1512', 'uuid': 'asdasdasdasd'}]
2026-04-08 11:11:29,259 DEBUG [apiautotest] [client.py (send:31) - 接口json:None]
2026-04-08 11:11:29,259 DEBUG [apiautotest] [client.py (send:32) - 接口files:None]
2026-04-08 11:11:50,304 ERROR [apiautotest] [client.py (send:49) - 接口发起失败]
Traceback (most recent call last):
  File "D:\pycharm\ApiObjectFramework\.venv\Lib\site-packages\urllib3\connection.py", line 204, in _new_conn
    sock = connection.create_connection(
           ^^^^^^^^^^^^^^^^^^^^^^^^^^^^^
  File "D:\pycharm\ApiObjectFramework\.venv\Lib\site-packages\urllib3\util\connection.py", line 85, in create_connection
    raise err
  File "D:\pycharm\ApiObjectFramework\.venv\Lib\site-packages\urllib3\util\connection.py", line 73, in create_connection
    sock.connect(sa)
TimeoutError: [WinError 10060] 由于连接方在一段时间后没有正确答复或连接的主机没有反应，连接尝试失败。

The above exception was the direct cause of the following exception:

Traceback (most recent call last):
  File "D:\pycharm\ApiObjectFramework\.venv\Lib\site-packages\urllib3\connectionpool.py", line 787, in urlopen
    response = self._make_request(
               ^^^^^^^^^^^^^^^^^^^
  File "D:\pycharm\ApiObjectFramework\.venv\Lib\site-packages\urllib3\connectionpool.py", line 493, in _make_request
    conn.request(
  File "D:\pycharm\ApiObjectFramework\.venv\Lib\site-packages\urllib3\connection.py", line 500, in request
    self.endheaders()
  File "D:\python3.12.10\Lib\http\client.py", line 1333, in endheaders
    self._send_output(message_body, encode_chunked=encode_chunked)
  File "D:\python3.12.10\Lib\http\client.py", line 1093, in _send_output
    self.send(msg)
  File "D:\python3.12.10\Lib\http\client.py", line 1037, in send
    self.connect()
  File "D:\pycharm\ApiObjectFramework\.venv\Lib\site-packages\urllib3\connection.py", line 331, in connect
    self.sock = self._new_conn()
                ^^^^^^^^^^^^^^^^
  File "D:\pycharm\ApiObjectFramework\.venv\Lib\site-packages\urllib3\connection.py", line 213, in _new_conn
    raise ConnectTimeoutError(
urllib3.exceptions.ConnectTimeoutError: (<HTTPConnection(host='82.156.74.26', port=7002) at 0x261cc50e900>, 'Connection to 82.156.74.26 timed out. (connect timeout=None)')

The above exception was the direct cause of the following exception:

Traceback (most recent call last):
  File "D:\pycharm\ApiObjectFramework\.venv\Lib\site-packages\requests\adapters.py", line 644, in send
    resp = conn.urlopen(
           ^^^^^^^^^^^^^
  File "D:\pycharm\ApiObjectFramework\.venv\Lib\site-packages\urllib3\connectionpool.py", line 841, in urlopen
    retries = retries.increment(
              ^^^^^^^^^^^^^^^^^^
  File "D:\pycharm\ApiObjectFramework\.venv\Lib\site-packages\urllib3\util\retry.py", line 535, in increment
    raise MaxRetryError(_pool, url, reason) from reason  # type: ignore[arg-type]
    ^^^^^^^^^^^^^^^^^^^^^^^^^^^^^^^^^^^^^^^^^^^^^^^^^^^
urllib3.exceptions.MaxRetryError: HTTPConnectionPool(host='82.156.74.26', port=7002): Max retries exceeded with url: /possport/login (Caused by ConnectTimeoutError(<HTTPConnection(host='82.156.74.26', port=7002) at 0x261cc50e900>, 'Connection to 82.156.74.26 timed out. (connect timeout=None)'))

During handling of the above exception, another exception occurred:

Traceback (most recent call last):
  File "D:\pycharm\ApiObjectFramework\common\client.py", line 38, in send
    self.resp = RequestsClient.session.request(method=self.method,
                ^^^^^^^^^^^^^^^^^^^^^^^^^^^^^^^^^^^^^^^^^^^^^^^^^^
  File "D:\pycharm\ApiObjectFramework\.venv\Lib\site-packages\requests\sessions.py", line 589, in request
    resp = self.send(prep, **send_kwargs)
           ^^^^^^^^^^^^^^^^^^^^^^^^^^^^^^
  File "D:\pycharm\ApiObjectFramework\.venv\Lib\site-packages\requests\sessions.py", line 703, in send
    r = adapter.send(request, **kwargs)
        ^^^^^^^^^^^^^^^^^^^^^^^^^^^^^^^
  File "D:\pycharm\ApiObjectFramework\.venv\Lib\site-packages\requests\adapters.py", line 665, in send
    raise ConnectTimeout(e, request=request)
requests.exceptions.ConnectTimeout: HTTPConnectionPool(host='82.156.74.26', port=7002): Max retries exceeded with url: /possport/login (Caused by ConnectTimeoutError(<HTTPConnection(host='82.156.74.26', port=7002) at 0x261cc50e900>, 'Connection to 82.156.74.26 timed out. (connect timeout=None)'))
2026-04-08 11:11:50,444 DEBUG [apiautotest] [client.py (send:25) - =================================================]
2026-04-08 11:11:50,445 DEBUG [apiautotest] [client.py (send:26) - 接口url:http://82.156.74.26:7002/possport/login]
2026-04-08 11:11:50,445 DEBUG [apiautotest] [client.py (send:27) - 接口method:post]
2026-04-08 11:11:50,445 DEBUG [apiautotest] [client.py (send:28) - 接口headers:{'Authorization': ''}]
2026-04-08 11:11:50,445 DEBUG [apiautotest] [client.py (send:29) - 接口params:None]
2026-04-08 11:11:50,445 DEBUG [apiautotest] [client.py (send:30) - 接口data:{'username': 'shamo', 'password': '07d21aad0a7217d58111bc8ae421bc34', 'capcha': '1512', 'uuid': 'asdasdasdasd'}]
2026-04-08 11:11:50,445 DEBUG [apiautotest] [client.py (send:31) - 接口json:None]
2026-04-08 11:11:50,446 DEBUG [apiautotest] [client.py (send:32) - 接口files:None]
2026-04-08 11:12:11,506 ERROR [apiautotest] [client.py (send:49) - 接口发起失败]
Traceback (most recent call last):
  File "D:\pycharm\ApiObjectFramework\.venv\Lib\site-packages\urllib3\connection.py", line 204, in _new_conn
    sock = connection.create_connection(
           ^^^^^^^^^^^^^^^^^^^^^^^^^^^^^
  File "D:\pycharm\ApiObjectFramework\.venv\Lib\site-packages\urllib3\util\connection.py", line 85, in create_connection
    raise err
  File "D:\pycharm\ApiObjectFramework\.venv\Lib\site-packages\urllib3\util\connection.py", line 73, in create_connection
    sock.connect(sa)
TimeoutError: [WinError 10060] 由于连接方在一段时间后没有正确答复或连接的主机没有反应，连接尝试失败。

The above exception was the direct cause of the following exception:

Traceback (most recent call last):
  File "D:\pycharm\ApiObjectFramework\.venv\Lib\site-packages\urllib3\connectionpool.py", line 787, in urlopen
    response = self._make_request(
               ^^^^^^^^^^^^^^^^^^^
  File "D:\pycharm\ApiObjectFramework\.venv\Lib\site-packages\urllib3\connectionpool.py", line 493, in _make_request
    conn.request(
  File "D:\pycharm\ApiObjectFramework\.venv\Lib\site-packages\urllib3\connection.py", line 500, in request
    self.endheaders()
  File "D:\python3.12.10\Lib\http\client.py", line 1333, in endheaders
    self._send_output(message_body, encode_chunked=encode_chunked)
  File "D:\python3.12.10\Lib\http\client.py", line 1093, in _send_output
    self.send(msg)
  File "D:\python3.12.10\Lib\http\client.py", line 1037, in send
    self.connect()
  File "D:\pycharm\ApiObjectFramework\.venv\Lib\site-packages\urllib3\connection.py", line 331, in connect
    self.sock = self._new_conn()
                ^^^^^^^^^^^^^^^^
  File "D:\pycharm\ApiObjectFramework\.venv\Lib\site-packages\urllib3\connection.py", line 213, in _new_conn
    raise ConnectTimeoutError(
urllib3.exceptions.ConnectTimeoutError: (<HTTPConnection(host='82.156.74.26', port=7002) at 0x261cb35d070>, 'Connection to 82.156.74.26 timed out. (connect timeout=None)')

The above exception was the direct cause of the following exception:

Traceback (most recent call last):
  File "D:\pycharm\ApiObjectFramework\.venv\Lib\site-packages\requests\adapters.py", line 644, in send
    resp = conn.urlopen(
           ^^^^^^^^^^^^^
  File "D:\pycharm\ApiObjectFramework\.venv\Lib\site-packages\urllib3\connectionpool.py", line 841, in urlopen
    retries = retries.increment(
              ^^^^^^^^^^^^^^^^^^
  File "D:\pycharm\ApiObjectFramework\.venv\Lib\site-packages\urllib3\util\retry.py", line 535, in increment
    raise MaxRetryError(_pool, url, reason) from reason  # type: ignore[arg-type]
    ^^^^^^^^^^^^^^^^^^^^^^^^^^^^^^^^^^^^^^^^^^^^^^^^^^^
urllib3.exceptions.MaxRetryError: HTTPConnectionPool(host='82.156.74.26', port=7002): Max retries exceeded with url: /possport/login (Caused by ConnectTimeoutError(<HTTPConnection(host='82.156.74.26', port=7002) at 0x261cb35d070>, 'Connection to 82.156.74.26 timed out. (connect timeout=None)'))

During handling of the above exception, another exception occurred:

Traceback (most recent call last):
  File "D:\pycharm\ApiObjectFramework\common\client.py", line 38, in send
    self.resp = RequestsClient.session.request(method=self.method,
                ^^^^^^^^^^^^^^^^^^^^^^^^^^^^^^^^^^^^^^^^^^^^^^^^^^
  File "D:\pycharm\ApiObjectFramework\.venv\Lib\site-packages\requests\sessions.py", line 589, in request
    resp = self.send(prep, **send_kwargs)
           ^^^^^^^^^^^^^^^^^^^^^^^^^^^^^^
  File "D:\pycharm\ApiObjectFramework\.venv\Lib\site-packages\requests\sessions.py", line 703, in send
    r = adapter.send(request, **kwargs)
        ^^^^^^^^^^^^^^^^^^^^^^^^^^^^^^^
  File "D:\pycharm\ApiObjectFramework\.venv\Lib\site-packages\requests\adapters.py", line 665, in send
    raise ConnectTimeout(e, request=request)
requests.exceptions.ConnectTimeout: HTTPConnectionPool(host='82.156.74.26', port=7002): Max retries exceeded with url: /possport/login (Caused by ConnectTimeoutError(<HTTPConnection(host='82.156.74.26', port=7002) at 0x261cb35d070>, 'Connection to 82.156.74.26 timed out. (connect timeout=None)'))
2026-04-08 11:12:11,645 DEBUG [apiautotest] [client.py (send:25) - =================================================]
2026-04-08 11:12:11,646 DEBUG [apiautotest] [client.py (send:26) - 接口url:http://82.156.74.26:7002/possport/login]
2026-04-08 11:12:11,646 DEBUG [apiautotest] [client.py (send:27) - 接口method:post]
2026-04-08 11:12:11,646 DEBUG [apiautotest] [client.py (send:28) - 接口headers:{'Authorization': ''}]
2026-04-08 11:12:11,646 DEBUG [apiautotest] [client.py (send:29) - 接口params:None]
2026-04-08 11:12:11,646 DEBUG [apiautotest] [client.py (send:30) - 接口data:{'username': 'shamo', 'password': '07d21aad0a7217d58111bc8ae421bc34', 'capcha': '1512', 'uuid': 'asdasdasdasd'}]
2026-04-08 11:12:11,646 DEBUG [apiautotest] [client.py (send:31) - 接口json:None]
2026-04-08 11:12:11,646 DEBUG [apiautotest] [client.py (send:32) - 接口files:None]
2026-04-08 11:12:32,693 ERROR [apiautotest] [client.py (send:49) - 接口发起失败]
Traceback (most recent call last):
  File "D:\pycharm\ApiObjectFramework\.venv\Lib\site-packages\urllib3\connection.py", line 204, in _new_conn
    sock = connection.create_connection(
           ^^^^^^^^^^^^^^^^^^^^^^^^^^^^^
  File "D:\pycharm\ApiObjectFramework\.venv\Lib\site-packages\urllib3\util\connection.py", line 85, in create_connection
    raise err
  File "D:\pycharm\ApiObjectFramework\.venv\Lib\site-packages\urllib3\util\connection.py", line 73, in create_connection
    sock.connect(sa)
TimeoutError: [WinError 10060] 由于连接方在一段时间后没有正确答复或连接的主机没有反应，连接尝试失败。

The above exception was the direct cause of the following exception:

Traceback (most recent call last):
  File "D:\pycharm\ApiObjectFramework\.venv\Lib\site-packages\urllib3\connectionpool.py", line 787, in urlopen
    response = self._make_request(
               ^^^^^^^^^^^^^^^^^^^
  File "D:\pycharm\ApiObjectFramework\.venv\Lib\site-packages\urllib3\connectionpool.py", line 493, in _make_request
    conn.request(
  File "D:\pycharm\ApiObjectFramework\.venv\Lib\site-packages\urllib3\connection.py", line 500, in request
    self.endheaders()
  File "D:\python3.12.10\Lib\http\client.py", line 1333, in endheaders
    self._send_output(message_body, encode_chunked=encode_chunked)
  File "D:\python3.12.10\Lib\http\client.py", line 1093, in _send_output
    self.send(msg)
  File "D:\python3.12.10\Lib\http\client.py", line 1037, in send
    self.connect()
  File "D:\pycharm\ApiObjectFramework\.venv\Lib\site-packages\urllib3\connection.py", line 331, in connect
    self.sock = self._new_conn()
                ^^^^^^^^^^^^^^^^
  File "D:\pycharm\ApiObjectFramework\.venv\Lib\site-packages\urllib3\connection.py", line 213, in _new_conn
    raise ConnectTimeoutError(
urllib3.exceptions.ConnectTimeoutError: (<HTTPConnection(host='82.156.74.26', port=7002) at 0x261cb4240e0>, 'Connection to 82.156.74.26 timed out. (connect timeout=None)')

The above exception was the direct cause of the following exception:

Traceback (most recent call last):
  File "D:\pycharm\ApiObjectFramework\.venv\Lib\site-packages\requests\adapters.py", line 644, in send
    resp = conn.urlopen(
           ^^^^^^^^^^^^^
  File "D:\pycharm\ApiObjectFramework\.venv\Lib\site-packages\urllib3\connectionpool.py", line 841, in urlopen
    retries = retries.increment(
              ^^^^^^^^^^^^^^^^^^
  File "D:\pycharm\ApiObjectFramework\.venv\Lib\site-packages\urllib3\util\retry.py", line 535, in increment
    raise MaxRetryError(_pool, url, reason) from reason  # type: ignore[arg-type]
    ^^^^^^^^^^^^^^^^^^^^^^^^^^^^^^^^^^^^^^^^^^^^^^^^^^^
urllib3.exceptions.MaxRetryError: HTTPConnectionPool(host='82.156.74.26', port=7002): Max retries exceeded with url: /possport/login (Caused by ConnectTimeoutError(<HTTPConnection(host='82.156.74.26', port=7002) at 0x261cb4240e0>, 'Connection to 82.156.74.26 timed out. (connect timeout=None)'))

During handling of the above exception, another exception occurred:

Traceback (most recent call last):
  File "D:\pycharm\ApiObjectFramework\common\client.py", line 38, in send
    self.resp = RequestsClient.session.request(method=self.method,
                ^^^^^^^^^^^^^^^^^^^^^^^^^^^^^^^^^^^^^^^^^^^^^^^^^^
  File "D:\pycharm\ApiObjectFramework\.venv\Lib\site-packages\requests\sessions.py", line 589, in request
    resp = self.send(prep, **send_kwargs)
           ^^^^^^^^^^^^^^^^^^^^^^^^^^^^^^
  File "D:\pycharm\ApiObjectFramework\.venv\Lib\site-packages\requests\sessions.py", line 703, in send
    r = adapter.send(request, **kwargs)
        ^^^^^^^^^^^^^^^^^^^^^^^^^^^^^^^
  File "D:\pycharm\ApiObjectFramework\.venv\Lib\site-packages\requests\adapters.py", line 665, in send
    raise ConnectTimeout(e, request=request)
requests.exceptions.ConnectTimeout: HTTPConnectionPool(host='82.156.74.26', port=7002): Max retries exceeded with url: /possport/login (Caused by ConnectTimeoutError(<HTTPConnection(host='82.156.74.26', port=7002) at 0x261cb4240e0>, 'Connection to 82.156.74.26 timed out. (connect timeout=None)'))
2026-04-08 11:12:32,823 DEBUG [apiautotest] [client.py (send:25) - =================================================]
2026-04-08 11:12:32,823 DEBUG [apiautotest] [client.py (send:26) - 接口url:http://82.156.74.26:7002/possport/login]
2026-04-08 11:12:32,823 DEBUG [apiautotest] [client.py (send:27) - 接口method:post]
2026-04-08 11:12:32,823 DEBUG [apiautotest] [client.py (send:28) - 接口headers:{'Authorization': ''}]
2026-04-08 11:12:32,823 DEBUG [apiautotest] [client.py (send:29) - 接口params:None]
2026-04-08 11:12:32,823 DEBUG [apiautotest] [client.py (send:30) - 接口data:{'username': 'shamo', 'password': '07d21aad0a7217d58111bc8ae421bc34', 'capcha': '1512', 'uuid': 'asdasdasdasd'}]
2026-04-08 11:12:32,823 DEBUG [apiautotest] [client.py (send:31) - 接口json:None]
2026-04-08 11:12:32,823 DEBUG [apiautotest] [client.py (send:32) - 接口files:None]
2026-04-08 11:12:53,857 ERROR [apiautotest] [client.py (send:49) - 接口发起失败]
Traceback (most recent call last):
  File "D:\pycharm\ApiObjectFramework\.venv\Lib\site-packages\urllib3\connection.py", line 204, in _new_conn
    sock = connection.create_connection(
           ^^^^^^^^^^^^^^^^^^^^^^^^^^^^^
  File "D:\pycharm\ApiObjectFramework\.venv\Lib\site-packages\urllib3\util\connection.py", line 85, in create_connection
    raise err
  File "D:\pycharm\ApiObjectFramework\.venv\Lib\site-packages\urllib3\util\connection.py", line 73, in create_connection
    sock.connect(sa)
TimeoutError: [WinError 10060] 由于连接方在一段时间后没有正确答复或连接的主机没有反应，连接尝试失败。

The above exception was the direct cause of the following exception:

Traceback (most recent call last):
  File "D:\pycharm\ApiObjectFramework\.venv\Lib\site-packages\urllib3\connectionpool.py", line 787, in urlopen
    response = self._make_request(
               ^^^^^^^^^^^^^^^^^^^
  File "D:\pycharm\ApiObjectFramework\.venv\Lib\site-packages\urllib3\connectionpool.py", line 493, in _make_request
    conn.request(
  File "D:\pycharm\ApiObjectFramework\.venv\Lib\site-packages\urllib3\connection.py", line 500, in request
    self.endheaders()
  File "D:\python3.12.10\Lib\http\client.py", line 1333, in endheaders
    self._send_output(message_body, encode_chunked=encode_chunked)
  File "D:\python3.12.10\Lib\http\client.py", line 1093, in _send_output
    self.send(msg)
  File "D:\python3.12.10\Lib\http\client.py", line 1037, in send
    self.connect()
  File "D:\pycharm\ApiObjectFramework\.venv\Lib\site-packages\urllib3\connection.py", line 331, in connect
    self.sock = self._new_conn()
                ^^^^^^^^^^^^^^^^
  File "D:\pycharm\ApiObjectFramework\.venv\Lib\site-packages\urllib3\connection.py", line 213, in _new_conn
    raise ConnectTimeoutError(
urllib3.exceptions.ConnectTimeoutError: (<HTTPConnection(host='82.156.74.26', port=7002) at 0x261cb4250a0>, 'Connection to 82.156.74.26 timed out. (connect timeout=None)')

The above exception was the direct cause of the following exception:

Traceback (most recent call last):
  File "D:\pycharm\ApiObjectFramework\.venv\Lib\site-packages\requests\adapters.py", line 644, in send
    resp = conn.urlopen(
           ^^^^^^^^^^^^^
  File "D:\pycharm\ApiObjectFramework\.venv\Lib\site-packages\urllib3\connectionpool.py", line 841, in urlopen
    retries = retries.increment(
              ^^^^^^^^^^^^^^^^^^
  File "D:\pycharm\ApiObjectFramework\.venv\Lib\site-packages\urllib3\util\retry.py", line 535, in increment
    raise MaxRetryError(_pool, url, reason) from reason  # type: ignore[arg-type]
    ^^^^^^^^^^^^^^^^^^^^^^^^^^^^^^^^^^^^^^^^^^^^^^^^^^^
urllib3.exceptions.MaxRetryError: HTTPConnectionPool(host='82.156.74.26', port=7002): Max retries exceeded with url: /possport/login (Caused by ConnectTimeoutError(<HTTPConnection(host='82.156.74.26', port=7002) at 0x261cb4250a0>, 'Connection to 82.156.74.26 timed out. (connect timeout=None)'))

During handling of the above exception, another exception occurred:

Traceback (most recent call last):
  File "D:\pycharm\ApiObjectFramework\common\client.py", line 38, in send
    self.resp = RequestsClient.session.request(method=self.method,
                ^^^^^^^^^^^^^^^^^^^^^^^^^^^^^^^^^^^^^^^^^^^^^^^^^^
  File "D:\pycharm\ApiObjectFramework\.venv\Lib\site-packages\requests\sessions.py", line 589, in request
    resp = self.send(prep, **send_kwargs)
           ^^^^^^^^^^^^^^^^^^^^^^^^^^^^^^
  File "D:\pycharm\ApiObjectFramework\.venv\Lib\site-packages\requests\sessions.py", line 703, in send
    r = adapter.send(request, **kwargs)
        ^^^^^^^^^^^^^^^^^^^^^^^^^^^^^^^
  File "D:\pycharm\ApiObjectFramework\.venv\Lib\site-packages\requests\adapters.py", line 665, in send
    raise ConnectTimeout(e, request=request)
requests.exceptions.ConnectTimeout: HTTPConnectionPool(host='82.156.74.26', port=7002): Max retries exceeded with url: /possport/login (Caused by ConnectTimeoutError(<HTTPConnection(host='82.156.74.26', port=7002) at 0x261cb4250a0>, 'Connection to 82.156.74.26 timed out. (connect timeout=None)'))
2026-04-08 11:12:54,005 DEBUG [apiautotest] [client.py (send:25) - =================================================]
2026-04-08 11:12:54,006 DEBUG [apiautotest] [client.py (send:26) - 接口url:http://82.156.74.26:7002/possport/login]
2026-04-08 11:12:54,006 DEBUG [apiautotest] [client.py (send:27) - 接口method:post]
2026-04-08 11:12:54,006 DEBUG [apiautotest] [client.py (send:28) - 接口headers:{'Authorization': ''}]
2026-04-08 11:12:54,006 DEBUG [apiautotest] [client.py (send:29) - 接口params:None]
2026-04-08 11:12:54,006 DEBUG [apiautotest] [client.py (send:30) - 接口data:{'username': 'shamo', 'password': '07d21aad0a7217d58111bc8ae421bc34', 'capcha': '1512', 'uuid': 'asdasdasdasd'}]
2026-04-08 11:12:54,006 DEBUG [apiautotest] [client.py (send:31) - 接口json:None]
2026-04-08 11:12:54,006 DEBUG [apiautotest] [client.py (send:32) - 接口files:None]
2026-04-08 11:13:15,061 ERROR [apiautotest] [client.py (send:49) - 接口发起失败]
Traceback (most recent call last):
  File "D:\pycharm\ApiObjectFramework\.venv\Lib\site-packages\urllib3\connection.py", line 204, in _new_conn
    sock = connection.create_connection(
           ^^^^^^^^^^^^^^^^^^^^^^^^^^^^^
  File "D:\pycharm\ApiObjectFramework\.venv\Lib\site-packages\urllib3\util\connection.py", line 85, in create_connection
    raise err
  File "D:\pycharm\ApiObjectFramework\.venv\Lib\site-packages\urllib3\util\connection.py", line 73, in create_connection
    sock.connect(sa)
TimeoutError: [WinError 10060] 由于连接方在一段时间后没有正确答复或连接的主机没有反应，连接尝试失败。

The above exception was the direct cause of the following exception:

Traceback (most recent call last):
  File "D:\pycharm\ApiObjectFramework\.venv\Lib\site-packages\urllib3\connectionpool.py", line 787, in urlopen
    response = self._make_request(
               ^^^^^^^^^^^^^^^^^^^
  File "D:\pycharm\ApiObjectFramework\.venv\Lib\site-packages\urllib3\connectionpool.py", line 493, in _make_request
    conn.request(
  File "D:\pycharm\ApiObjectFramework\.venv\Lib\site-packages\urllib3\connection.py", line 500, in request
    self.endheaders()
  File "D:\python3.12.10\Lib\http\client.py", line 1333, in endheaders
    self._send_output(message_body, encode_chunked=encode_chunked)
  File "D:\python3.12.10\Lib\http\client.py", line 1093, in _send_output
    self.send(msg)
  File "D:\python3.12.10\Lib\http\client.py", line 1037, in send
    self.connect()
  File "D:\pycharm\ApiObjectFramework\.venv\Lib\site-packages\urllib3\connection.py", line 331, in connect
    self.sock = self._new_conn()
                ^^^^^^^^^^^^^^^^
  File "D:\pycharm\ApiObjectFramework\.venv\Lib\site-packages\urllib3\connection.py", line 213, in _new_conn
    raise ConnectTimeoutError(
urllib3.exceptions.ConnectTimeoutError: (<HTTPConnection(host='82.156.74.26', port=7002) at 0x261cb41c650>, 'Connection to 82.156.74.26 timed out. (connect timeout=None)')

The above exception was the direct cause of the following exception:

Traceback (most recent call last):
  File "D:\pycharm\ApiObjectFramework\.venv\Lib\site-packages\requests\adapters.py", line 644, in send
    resp = conn.urlopen(
           ^^^^^^^^^^^^^
  File "D:\pycharm\ApiObjectFramework\.venv\Lib\site-packages\urllib3\connectionpool.py", line 841, in urlopen
    retries = retries.increment(
              ^^^^^^^^^^^^^^^^^^
  File "D:\pycharm\ApiObjectFramework\.venv\Lib\site-packages\urllib3\util\retry.py", line 535, in increment
    raise MaxRetryError(_pool, url, reason) from reason  # type: ignore[arg-type]
    ^^^^^^^^^^^^^^^^^^^^^^^^^^^^^^^^^^^^^^^^^^^^^^^^^^^
urllib3.exceptions.MaxRetryError: HTTPConnectionPool(host='82.156.74.26', port=7002): Max retries exceeded with url: /possport/login (Caused by ConnectTimeoutError(<HTTPConnection(host='82.156.74.26', port=7002) at 0x261cb41c650>, 'Connection to 82.156.74.26 timed out. (connect timeout=None)'))

During handling of the above exception, another exception occurred:

Traceback (most recent call last):
  File "D:\pycharm\ApiObjectFramework\common\client.py", line 38, in send
    self.resp = RequestsClient.session.request(method=self.method,
                ^^^^^^^^^^^^^^^^^^^^^^^^^^^^^^^^^^^^^^^^^^^^^^^^^^
  File "D:\pycharm\ApiObjectFramework\.venv\Lib\site-packages\requests\sessions.py", line 589, in request
    resp = self.send(prep, **send_kwargs)
           ^^^^^^^^^^^^^^^^^^^^^^^^^^^^^^
  File "D:\pycharm\ApiObjectFramework\.venv\Lib\site-packages\requests\sessions.py", line 703, in send
    r = adapter.send(request, **kwargs)
        ^^^^^^^^^^^^^^^^^^^^^^^^^^^^^^^
  File "D:\pycharm\ApiObjectFramework\.venv\Lib\site-packages\requests\adapters.py", line 665, in send
    raise ConnectTimeout(e, request=request)
requests.exceptions.ConnectTimeout: HTTPConnectionPool(host='82.156.74.26', port=7002): Max retries exceeded with url: /possport/login (Caused by ConnectTimeoutError(<HTTPConnection(host='82.156.74.26', port=7002) at 0x261cb41c650>, 'Connection to 82.156.74.26 timed out. (connect timeout=None)'))
2026-04-08 11:13:15,192 DEBUG [apiautotest] [client.py (send:25) - =================================================]
2026-04-08 11:13:15,192 DEBUG [apiautotest] [client.py (send:26) - 接口url:http://82.156.74.26:7002/possport/login]
2026-04-08 11:13:15,192 DEBUG [apiautotest] [client.py (send:27) - 接口method:post]
2026-04-08 11:13:15,192 DEBUG [apiautotest] [client.py (send:28) - 接口headers:{'Authorization': ''}]
2026-04-08 11:13:15,192 DEBUG [apiautotest] [client.py (send:29) - 接口params:None]
2026-04-08 11:13:15,193 DEBUG [apiautotest] [client.py (send:30) - 接口data:{'username': 'shamo', 'password': '07d21aad0a7217d58111bc8ae421bc34', 'capcha': '1512', 'uuid': 'asdasdasdasd'}]
2026-04-08 11:13:15,193 DEBUG [apiautotest] [client.py (send:31) - 接口json:None]
2026-04-08 11:13:15,193 DEBUG [apiautotest] [client.py (send:32) - 接口files:None]
2026-04-08 11:13:36,233 ERROR [apiautotest] [client.py (send:49) - 接口发起失败]
Traceback (most recent call last):
  File "D:\pycharm\ApiObjectFramework\.venv\Lib\site-packages\urllib3\connection.py", line 204, in _new_conn
    sock = connection.create_connection(
           ^^^^^^^^^^^^^^^^^^^^^^^^^^^^^
  File "D:\pycharm\ApiObjectFramework\.venv\Lib\site-packages\urllib3\util\connection.py", line 85, in create_connection
    raise err
  File "D:\pycharm\ApiObjectFramework\.venv\Lib\site-packages\urllib3\util\connection.py", line 73, in create_connection
    sock.connect(sa)
TimeoutError: [WinError 10060] 由于连接方在一段时间后没有正确答复或连接的主机没有反应，连接尝试失败。

The above exception was the direct cause of the following exception:

Traceback (most recent call last):
  File "D:\pycharm\ApiObjectFramework\.venv\Lib\site-packages\urllib3\connectionpool.py", line 787, in urlopen
    response = self._make_request(
               ^^^^^^^^^^^^^^^^^^^
  File "D:\pycharm\ApiObjectFramework\.venv\Lib\site-packages\urllib3\connectionpool.py", line 493, in _make_request
    conn.request(
  File "D:\pycharm\ApiObjectFramework\.venv\Lib\site-packages\urllib3\connection.py", line 500, in request
    self.endheaders()
  File "D:\python3.12.10\Lib\http\client.py", line 1333, in endheaders
    self._send_output(message_body, encode_chunked=encode_chunked)
  File "D:\python3.12.10\Lib\http\client.py", line 1093, in _send_output
    self.send(msg)
  File "D:\python3.12.10\Lib\http\client.py", line 1037, in send
    self.connect()
  File "D:\pycharm\ApiObjectFramework\.venv\Lib\site-packages\urllib3\connection.py", line 331, in connect
    self.sock = self._new_conn()
                ^^^^^^^^^^^^^^^^
  File "D:\pycharm\ApiObjectFramework\.venv\Lib\site-packages\urllib3\connection.py", line 213, in _new_conn
    raise ConnectTimeoutError(
urllib3.exceptions.ConnectTimeoutError: (<HTTPConnection(host='82.156.74.26', port=7002) at 0x261cb41e8a0>, 'Connection to 82.156.74.26 timed out. (connect timeout=None)')

The above exception was the direct cause of the following exception:

Traceback (most recent call last):
  File "D:\pycharm\ApiObjectFramework\.venv\Lib\site-packages\requests\adapters.py", line 644, in send
    resp = conn.urlopen(
           ^^^^^^^^^^^^^
  File "D:\pycharm\ApiObjectFramework\.venv\Lib\site-packages\urllib3\connectionpool.py", line 841, in urlopen
    retries = retries.increment(
              ^^^^^^^^^^^^^^^^^^
  File "D:\pycharm\ApiObjectFramework\.venv\Lib\site-packages\urllib3\util\retry.py", line 535, in increment
    raise MaxRetryError(_pool, url, reason) from reason  # type: ignore[arg-type]
    ^^^^^^^^^^^^^^^^^^^^^^^^^^^^^^^^^^^^^^^^^^^^^^^^^^^
urllib3.exceptions.MaxRetryError: HTTPConnectionPool(host='82.156.74.26', port=7002): Max retries exceeded with url: /possport/login (Caused by ConnectTimeoutError(<HTTPConnection(host='82.156.74.26', port=7002) at 0x261cb41e8a0>, 'Connection to 82.156.74.26 timed out. (connect timeout=None)'))

During handling of the above exception, another exception occurred:

Traceback (most recent call last):
  File "D:\pycharm\ApiObjectFramework\common\client.py", line 38, in send
    self.resp = RequestsClient.session.request(method=self.method,
                ^^^^^^^^^^^^^^^^^^^^^^^^^^^^^^^^^^^^^^^^^^^^^^^^^^
  File "D:\pycharm\ApiObjectFramework\.venv\Lib\site-packages\requests\sessions.py", line 589, in request
    resp = self.send(prep, **send_kwargs)
           ^^^^^^^^^^^^^^^^^^^^^^^^^^^^^^
  File "D:\pycharm\ApiObjectFramework\.venv\Lib\site-packages\requests\sessions.py", line 703, in send
    r = adapter.send(request, **kwargs)
        ^^^^^^^^^^^^^^^^^^^^^^^^^^^^^^^
  File "D:\pycharm\ApiObjectFramework\.venv\Lib\site-packages\requests\adapters.py", line 665, in send
    raise ConnectTimeout(e, request=request)
requests.exceptions.ConnectTimeout: HTTPConnectionPool(host='82.156.74.26', port=7002): Max retries exceeded with url: /possport/login (Caused by ConnectTimeoutError(<HTTPConnection(host='82.156.74.26', port=7002) at 0x261cb41e8a0>, 'Connection to 82.156.74.26 timed out. (connect timeout=None)'))
2026-04-08 11:13:36,399 DEBUG [apiautotest] [client.py (send:25) - =================================================]
2026-04-08 11:13:36,399 DEBUG [apiautotest] [client.py (send:26) - 接口url:http://82.156.74.26:7002/possport/login]
2026-04-08 11:13:36,399 DEBUG [apiautotest] [client.py (send:27) - 接口method:post]
2026-04-08 11:13:36,399 DEBUG [apiautotest] [client.py (send:28) - 接口headers:{'Authorization': ''}]
2026-04-08 11:13:36,399 DEBUG [apiautotest] [client.py (send:29) - 接口params:None]
2026-04-08 11:13:36,399 DEBUG [apiautotest] [client.py (send:30) - 接口data:{'username': 'shamo', 'password': '07d21aad0a7217d58111bc8ae421bc34', 'capcha': '1512', 'uuid': 'asdasdasdasd'}]
2026-04-08 11:13:36,400 DEBUG [apiautotest] [client.py (send:31) - 接口json:None]
2026-04-08 11:13:36,400 DEBUG [apiautotest] [client.py (send:32) - 接口files:None]
2026-04-08 11:13:57,448 ERROR [apiautotest] [client.py (send:49) - 接口发起失败]
Traceback (most recent call last):
  File "D:\pycharm\ApiObjectFramework\.venv\Lib\site-packages\urllib3\connection.py", line 204, in _new_conn
    sock = connection.create_connection(
           ^^^^^^^^^^^^^^^^^^^^^^^^^^^^^
  File "D:\pycharm\ApiObjectFramework\.venv\Lib\site-packages\urllib3\util\connection.py", line 85, in create_connection
    raise err
  File "D:\pycharm\ApiObjectFramework\.venv\Lib\site-packages\urllib3\util\connection.py", line 73, in create_connection
    sock.connect(sa)
TimeoutError: [WinError 10060] 由于连接方在一段时间后没有正确答复或连接的主机没有反应，连接尝试失败。

The above exception was the direct cause of the following exception:

Traceback (most recent call last):
  File "D:\pycharm\ApiObjectFramework\.venv\Lib\site-packages\urllib3\connectionpool.py", line 787, in urlopen
    response = self._make_request(
               ^^^^^^^^^^^^^^^^^^^
  File "D:\pycharm\ApiObjectFramework\.venv\Lib\site-packages\urllib3\connectionpool.py", line 493, in _make_request
    conn.request(
  File "D:\pycharm\ApiObjectFramework\.venv\Lib\site-packages\urllib3\connection.py", line 500, in request
    self.endheaders()
  File "D:\python3.12.10\Lib\http\client.py", line 1333, in endheaders
    self._send_output(message_body, encode_chunked=encode_chunked)
  File "D:\python3.12.10\Lib\http\client.py", line 1093, in _send_output
    self.send(msg)
  File "D:\python3.12.10\Lib\http\client.py", line 1037, in send
    self.connect()
  File "D:\pycharm\ApiObjectFramework\.venv\Lib\site-packages\urllib3\connection.py", line 331, in connect
    self.sock = self._new_conn()
                ^^^^^^^^^^^^^^^^
  File "D:\pycharm\ApiObjectFramework\.venv\Lib\site-packages\urllib3\connection.py", line 213, in _new_conn
    raise ConnectTimeoutError(
urllib3.exceptions.ConnectTimeoutError: (<HTTPConnection(host='82.156.74.26', port=7002) at 0x261cb3c0dd0>, 'Connection to 82.156.74.26 timed out. (connect timeout=None)')

The above exception was the direct cause of the following exception:

Traceback (most recent call last):
  File "D:\pycharm\ApiObjectFramework\.venv\Lib\site-packages\requests\adapters.py", line 644, in send
    resp = conn.urlopen(
           ^^^^^^^^^^^^^
  File "D:\pycharm\ApiObjectFramework\.venv\Lib\site-packages\urllib3\connectionpool.py", line 841, in urlopen
    retries = retries.increment(
              ^^^^^^^^^^^^^^^^^^
  File "D:\pycharm\ApiObjectFramework\.venv\Lib\site-packages\urllib3\util\retry.py", line 535, in increment
    raise MaxRetryError(_pool, url, reason) from reason  # type: ignore[arg-type]
    ^^^^^^^^^^^^^^^^^^^^^^^^^^^^^^^^^^^^^^^^^^^^^^^^^^^
urllib3.exceptions.MaxRetryError: HTTPConnectionPool(host='82.156.74.26', port=7002): Max retries exceeded with url: /possport/login (Caused by ConnectTimeoutError(<HTTPConnection(host='82.156.74.26', port=7002) at 0x261cb3c0dd0>, 'Connection to 82.156.74.26 timed out. (connect timeout=None)'))

During handling of the above exception, another exception occurred:

Traceback (most recent call last):
  File "D:\pycharm\ApiObjectFramework\common\client.py", line 38, in send
    self.resp = RequestsClient.session.request(method=self.method,
                ^^^^^^^^^^^^^^^^^^^^^^^^^^^^^^^^^^^^^^^^^^^^^^^^^^
  File "D:\pycharm\ApiObjectFramework\.venv\Lib\site-packages\requests\sessions.py", line 589, in request
    resp = self.send(prep, **send_kwargs)
           ^^^^^^^^^^^^^^^^^^^^^^^^^^^^^^
  File "D:\pycharm\ApiObjectFramework\.venv\Lib\site-packages\requests\sessions.py", line 703, in send
    r = adapter.send(request, **kwargs)
        ^^^^^^^^^^^^^^^^^^^^^^^^^^^^^^^
  File "D:\pycharm\ApiObjectFramework\.venv\Lib\site-packages\requests\adapters.py", line 665, in send
    raise ConnectTimeout(e, request=request)
requests.exceptions.ConnectTimeout: HTTPConnectionPool(host='82.156.74.26', port=7002): Max retries exceeded with url: /possport/login (Caused by ConnectTimeoutError(<HTTPConnection(host='82.156.74.26', port=7002) at 0x261cb3c0dd0>, 'Connection to 82.156.74.26 timed out. (connect timeout=None)'))
2026-04-08 11:22:21,711 INFO [apiautotest] [conftest.py (aalogger_init:29) - 日志初始化成功]
2026-04-08 11:22:21,712 DEBUG [apiautotest] [client.py (send:25) - =================================================]
2026-04-08 11:22:21,712 DEBUG [apiautotest] [client.py (send:26) - 接口url:http://82.156.74.26:7002/possport/login]
2026-04-08 11:22:21,712 DEBUG [apiautotest] [client.py (send:27) - 接口method:post]
2026-04-08 11:22:21,714 DEBUG [apiautotest] [client.py (send:28) - 接口headers:{'Authorization': ''}]
2026-04-08 11:22:21,714 DEBUG [apiautotest] [client.py (send:29) - 接口params:None]
2026-04-08 11:22:21,714 DEBUG [apiautotest] [client.py (send:30) - 接口data:{'username': 'shamo', 'password': '07d21aad0a7217d58111bc8ae421bc34', 'capcha': '1512', 'uuid': 'asdasdasdasd'}]
2026-04-08 11:22:21,714 DEBUG [apiautotest] [client.py (send:31) - 接口json:None]
2026-04-08 11:22:21,714 DEBUG [apiautotest] [client.py (send:32) - 接口files:None]
2026-04-08 11:22:42,766 ERROR [apiautotest] [client.py (send:49) - 接口发起失败]
Traceback (most recent call last):
  File "D:\pycharm\ApiObjectFramework\.venv\Lib\site-packages\urllib3\connection.py", line 204, in _new_conn
    sock = connection.create_connection(
           ^^^^^^^^^^^^^^^^^^^^^^^^^^^^^
  File "D:\pycharm\ApiObjectFramework\.venv\Lib\site-packages\urllib3\util\connection.py", line 85, in create_connection
    raise err
  File "D:\pycharm\ApiObjectFramework\.venv\Lib\site-packages\urllib3\util\connection.py", line 73, in create_connection
    sock.connect(sa)
TimeoutError: [WinError 10060] 由于连接方在一段时间后没有正确答复或连接的主机没有反应，连接尝试失败。

The above exception was the direct cause of the following exception:

Traceback (most recent call last):
  File "D:\pycharm\ApiObjectFramework\.venv\Lib\site-packages\urllib3\connectionpool.py", line 787, in urlopen
    response = self._make_request(
               ^^^^^^^^^^^^^^^^^^^
  File "D:\pycharm\ApiObjectFramework\.venv\Lib\site-packages\urllib3\connectionpool.py", line 493, in _make_request
    conn.request(
  File "D:\pycharm\ApiObjectFramework\.venv\Lib\site-packages\urllib3\connection.py", line 500, in request
    self.endheaders()
  File "D:\python3.12.10\Lib\http\client.py", line 1333, in endheaders
    self._send_output(message_body, encode_chunked=encode_chunked)
  File "D:\python3.12.10\Lib\http\client.py", line 1093, in _send_output
    self.send(msg)
  File "D:\python3.12.10\Lib\http\client.py", line 1037, in send
    self.connect()
  File "D:\pycharm\ApiObjectFramework\.venv\Lib\site-packages\urllib3\connection.py", line 331, in connect
    self.sock = self._new_conn()
                ^^^^^^^^^^^^^^^^
  File "D:\pycharm\ApiObjectFramework\.venv\Lib\site-packages\urllib3\connection.py", line 213, in _new_conn
    raise ConnectTimeoutError(
urllib3.exceptions.ConnectTimeoutError: (<HTTPConnection(host='82.156.74.26', port=7002) at 0x2077be53a70>, 'Connection to 82.156.74.26 timed out. (connect timeout=None)')

The above exception was the direct cause of the following exception:

Traceback (most recent call last):
  File "D:\pycharm\ApiObjectFramework\.venv\Lib\site-packages\requests\adapters.py", line 644, in send
    resp = conn.urlopen(
           ^^^^^^^^^^^^^
  File "D:\pycharm\ApiObjectFramework\.venv\Lib\site-packages\urllib3\connectionpool.py", line 841, in urlopen
    retries = retries.increment(
              ^^^^^^^^^^^^^^^^^^
  File "D:\pycharm\ApiObjectFramework\.venv\Lib\site-packages\urllib3\util\retry.py", line 535, in increment
    raise MaxRetryError(_pool, url, reason) from reason  # type: ignore[arg-type]
    ^^^^^^^^^^^^^^^^^^^^^^^^^^^^^^^^^^^^^^^^^^^^^^^^^^^
urllib3.exceptions.MaxRetryError: HTTPConnectionPool(host='82.156.74.26', port=7002): Max retries exceeded with url: /possport/login (Caused by ConnectTimeoutError(<HTTPConnection(host='82.156.74.26', port=7002) at 0x2077be53a70>, 'Connection to 82.156.74.26 timed out. (connect timeout=None)'))

During handling of the above exception, another exception occurred:

Traceback (most recent call last):
  File "D:\pycharm\ApiObjectFramework\common\client.py", line 38, in send
    self.resp = RequestsClient.session.request(method=self.method,
                ^^^^^^^^^^^^^^^^^^^^^^^^^^^^^^^^^^^^^^^^^^^^^^^^^^
  File "D:\pycharm\ApiObjectFramework\.venv\Lib\site-packages\requests\sessions.py", line 589, in request
    resp = self.send(prep, **send_kwargs)
           ^^^^^^^^^^^^^^^^^^^^^^^^^^^^^^
  File "D:\pycharm\ApiObjectFramework\.venv\Lib\site-packages\requests\sessions.py", line 703, in send
    r = adapter.send(request, **kwargs)
        ^^^^^^^^^^^^^^^^^^^^^^^^^^^^^^^
  File "D:\pycharm\ApiObjectFramework\.venv\Lib\site-packages\requests\adapters.py", line 665, in send
    raise ConnectTimeout(e, request=request)
requests.exceptions.ConnectTimeout: HTTPConnectionPool(host='82.156.74.26', port=7002): Max retries exceeded with url: /possport/login (Caused by ConnectTimeoutError(<HTTPConnection(host='82.156.74.26', port=7002) at 0x2077be53a70>, 'Connection to 82.156.74.26 timed out. (connect timeout=None)'))
2026-04-08 11:22:42,934 DEBUG [apiautotest] [client.py (send:25) - =================================================]
2026-04-08 11:22:42,934 DEBUG [apiautotest] [client.py (send:26) - 接口url:http://82.156.74.26:7002/possport/login]
2026-04-08 11:22:42,934 DEBUG [apiautotest] [client.py (send:27) - 接口method:post]
2026-04-08 11:22:42,934 DEBUG [apiautotest] [client.py (send:28) - 接口headers:{'Authorization': ''}]
2026-04-08 11:22:42,934 DEBUG [apiautotest] [client.py (send:29) - 接口params:None]
2026-04-08 11:22:42,935 DEBUG [apiautotest] [client.py (send:30) - 接口data:{'username': 'shamo', 'password': '07d21aad0a7217d58111bc8ae421bc34', 'capcha': '1512', 'uuid': 'asdasdasdasd'}]
2026-04-08 11:22:42,935 DEBUG [apiautotest] [client.py (send:31) - 接口json:None]
2026-04-08 11:22:42,935 DEBUG [apiautotest] [client.py (send:32) - 接口files:None]
2026-04-08 11:23:03,982 ERROR [apiautotest] [client.py (send:49) - 接口发起失败]
Traceback (most recent call last):
  File "D:\pycharm\ApiObjectFramework\.venv\Lib\site-packages\urllib3\connection.py", line 204, in _new_conn
    sock = connection.create_connection(
           ^^^^^^^^^^^^^^^^^^^^^^^^^^^^^
  File "D:\pycharm\ApiObjectFramework\.venv\Lib\site-packages\urllib3\util\connection.py", line 85, in create_connection
    raise err
  File "D:\pycharm\ApiObjectFramework\.venv\Lib\site-packages\urllib3\util\connection.py", line 73, in create_connection
    sock.connect(sa)
TimeoutError: [WinError 10060] 由于连接方在一段时间后没有正确答复或连接的主机没有反应，连接尝试失败。

The above exception was the direct cause of the following exception:

Traceback (most recent call last):
  File "D:\pycharm\ApiObjectFramework\.venv\Lib\site-packages\urllib3\connectionpool.py", line 787, in urlopen
    response = self._make_request(
               ^^^^^^^^^^^^^^^^^^^
  File "D:\pycharm\ApiObjectFramework\.venv\Lib\site-packages\urllib3\connectionpool.py", line 493, in _make_request
    conn.request(
  File "D:\pycharm\ApiObjectFramework\.venv\Lib\site-packages\urllib3\connection.py", line 500, in request
    self.endheaders()
  File "D:\python3.12.10\Lib\http\client.py", line 1333, in endheaders
    self._send_output(message_body, encode_chunked=encode_chunked)
  File "D:\python3.12.10\Lib\http\client.py", line 1093, in _send_output
    self.send(msg)
  File "D:\python3.12.10\Lib\http\client.py", line 1037, in send
    self.connect()
  File "D:\pycharm\ApiObjectFramework\.venv\Lib\site-packages\urllib3\connection.py", line 331, in connect
    self.sock = self._new_conn()
                ^^^^^^^^^^^^^^^^
  File "D:\pycharm\ApiObjectFramework\.venv\Lib\site-packages\urllib3\connection.py", line 213, in _new_conn
    raise ConnectTimeoutError(
urllib3.exceptions.ConnectTimeoutError: (<HTTPConnection(host='82.156.74.26', port=7002) at 0x2077c15c350>, 'Connection to 82.156.74.26 timed out. (connect timeout=None)')

The above exception was the direct cause of the following exception:

Traceback (most recent call last):
  File "D:\pycharm\ApiObjectFramework\.venv\Lib\site-packages\requests\adapters.py", line 644, in send
    resp = conn.urlopen(
           ^^^^^^^^^^^^^
  File "D:\pycharm\ApiObjectFramework\.venv\Lib\site-packages\urllib3\connectionpool.py", line 841, in urlopen
    retries = retries.increment(
              ^^^^^^^^^^^^^^^^^^
  File "D:\pycharm\ApiObjectFramework\.venv\Lib\site-packages\urllib3\util\retry.py", line 535, in increment
    raise MaxRetryError(_pool, url, reason) from reason  # type: ignore[arg-type]
    ^^^^^^^^^^^^^^^^^^^^^^^^^^^^^^^^^^^^^^^^^^^^^^^^^^^
urllib3.exceptions.MaxRetryError: HTTPConnectionPool(host='82.156.74.26', port=7002): Max retries exceeded with url: /possport/login (Caused by ConnectTimeoutError(<HTTPConnection(host='82.156.74.26', port=7002) at 0x2077c15c350>, 'Connection to 82.156.74.26 timed out. (connect timeout=None)'))

During handling of the above exception, another exception occurred:

Traceback (most recent call last):
  File "D:\pycharm\ApiObjectFramework\common\client.py", line 38, in send
    self.resp = RequestsClient.session.request(method=self.method,
                ^^^^^^^^^^^^^^^^^^^^^^^^^^^^^^^^^^^^^^^^^^^^^^^^^^
  File "D:\pycharm\ApiObjectFramework\.venv\Lib\site-packages\requests\sessions.py", line 589, in request
    resp = self.send(prep, **send_kwargs)
           ^^^^^^^^^^^^^^^^^^^^^^^^^^^^^^
  File "D:\pycharm\ApiObjectFramework\.venv\Lib\site-packages\requests\sessions.py", line 703, in send
    r = adapter.send(request, **kwargs)
        ^^^^^^^^^^^^^^^^^^^^^^^^^^^^^^^
  File "D:\pycharm\ApiObjectFramework\.venv\Lib\site-packages\requests\adapters.py", line 665, in send
    raise ConnectTimeout(e, request=request)
requests.exceptions.ConnectTimeout: HTTPConnectionPool(host='82.156.74.26', port=7002): Max retries exceeded with url: /possport/login (Caused by ConnectTimeoutError(<HTTPConnection(host='82.156.74.26', port=7002) at 0x2077c15c350>, 'Connection to 82.156.74.26 timed out. (connect timeout=None)'))
2026-04-08 11:23:04,144 DEBUG [apiautotest] [client.py (send:25) - =================================================]
2026-04-08 11:23:04,144 DEBUG [apiautotest] [client.py (send:26) - 接口url:http://82.156.74.26:7002/possport/login]
2026-04-08 11:23:04,145 DEBUG [apiautotest] [client.py (send:27) - 接口method:post]
2026-04-08 11:23:04,145 DEBUG [apiautotest] [client.py (send:28) - 接口headers:{'Authorization': ''}]
2026-04-08 11:23:04,145 DEBUG [apiautotest] [client.py (send:29) - 接口params:None]
2026-04-08 11:23:04,145 DEBUG [apiautotest] [client.py (send:30) - 接口data:{'username': 'shamo', 'password': '07d21aad0a7217d58111bc8ae421bc34', 'capcha': '1512', 'uuid': 'asdasdasdasd'}]
2026-04-08 11:23:04,145 DEBUG [apiautotest] [client.py (send:31) - 接口json:None]
2026-04-08 11:23:04,145 DEBUG [apiautotest] [client.py (send:32) - 接口files:None]
2026-04-08 11:23:25,175 ERROR [apiautotest] [client.py (send:49) - 接口发起失败]
Traceback (most recent call last):
  File "D:\pycharm\ApiObjectFramework\.venv\Lib\site-packages\urllib3\connection.py", line 204, in _new_conn
    sock = connection.create_connection(
           ^^^^^^^^^^^^^^^^^^^^^^^^^^^^^
  File "D:\pycharm\ApiObjectFramework\.venv\Lib\site-packages\urllib3\util\connection.py", line 85, in create_connection
    raise err
  File "D:\pycharm\ApiObjectFramework\.venv\Lib\site-packages\urllib3\util\connection.py", line 73, in create_connection
    sock.connect(sa)
TimeoutError: [WinError 10060] 由于连接方在一段时间后没有正确答复或连接的主机没有反应，连接尝试失败。

The above exception was the direct cause of the following exception:

Traceback (most recent call last):
  File "D:\pycharm\ApiObjectFramework\.venv\Lib\site-packages\urllib3\connectionpool.py", line 787, in urlopen
    response = self._make_request(
               ^^^^^^^^^^^^^^^^^^^
  File "D:\pycharm\ApiObjectFramework\.venv\Lib\site-packages\urllib3\connectionpool.py", line 493, in _make_request
    conn.request(
  File "D:\pycharm\ApiObjectFramework\.venv\Lib\site-packages\urllib3\connection.py", line 500, in request
    self.endheaders()
  File "D:\python3.12.10\Lib\http\client.py", line 1333, in endheaders
    self._send_output(message_body, encode_chunked=encode_chunked)
  File "D:\python3.12.10\Lib\http\client.py", line 1093, in _send_output
    self.send(msg)
  File "D:\python3.12.10\Lib\http\client.py", line 1037, in send
    self.connect()
  File "D:\pycharm\ApiObjectFramework\.venv\Lib\site-packages\urllib3\connection.py", line 331, in connect
    self.sock = self._new_conn()
                ^^^^^^^^^^^^^^^^
  File "D:\pycharm\ApiObjectFramework\.venv\Lib\site-packages\urllib3\connection.py", line 213, in _new_conn
    raise ConnectTimeoutError(
urllib3.exceptions.ConnectTimeoutError: (<HTTPConnection(host='82.156.74.26', port=7002) at 0x2077c15d850>, 'Connection to 82.156.74.26 timed out. (connect timeout=None)')

The above exception was the direct cause of the following exception:

Traceback (most recent call last):
  File "D:\pycharm\ApiObjectFramework\.venv\Lib\site-packages\requests\adapters.py", line 644, in send
    resp = conn.urlopen(
           ^^^^^^^^^^^^^
  File "D:\pycharm\ApiObjectFramework\.venv\Lib\site-packages\urllib3\connectionpool.py", line 841, in urlopen
    retries = retries.increment(
              ^^^^^^^^^^^^^^^^^^
  File "D:\pycharm\ApiObjectFramework\.venv\Lib\site-packages\urllib3\util\retry.py", line 535, in increment
    raise MaxRetryError(_pool, url, reason) from reason  # type: ignore[arg-type]
    ^^^^^^^^^^^^^^^^^^^^^^^^^^^^^^^^^^^^^^^^^^^^^^^^^^^
urllib3.exceptions.MaxRetryError: HTTPConnectionPool(host='82.156.74.26', port=7002): Max retries exceeded with url: /possport/login (Caused by ConnectTimeoutError(<HTTPConnection(host='82.156.74.26', port=7002) at 0x2077c15d850>, 'Connection to 82.156.74.26 timed out. (connect timeout=None)'))

During handling of the above exception, another exception occurred:

Traceback (most recent call last):
  File "D:\pycharm\ApiObjectFramework\common\client.py", line 38, in send
    self.resp = RequestsClient.session.request(method=self.method,
                ^^^^^^^^^^^^^^^^^^^^^^^^^^^^^^^^^^^^^^^^^^^^^^^^^^
  File "D:\pycharm\ApiObjectFramework\.venv\Lib\site-packages\requests\sessions.py", line 589, in request
    resp = self.send(prep, **send_kwargs)
           ^^^^^^^^^^^^^^^^^^^^^^^^^^^^^^
  File "D:\pycharm\ApiObjectFramework\.venv\Lib\site-packages\requests\sessions.py", line 703, in send
    r = adapter.send(request, **kwargs)
        ^^^^^^^^^^^^^^^^^^^^^^^^^^^^^^^
  File "D:\pycharm\ApiObjectFramework\.venv\Lib\site-packages\requests\adapters.py", line 665, in send
    raise ConnectTimeout(e, request=request)
requests.exceptions.ConnectTimeout: HTTPConnectionPool(host='82.156.74.26', port=7002): Max retries exceeded with url: /possport/login (Caused by ConnectTimeoutError(<HTTPConnection(host='82.156.74.26', port=7002) at 0x2077c15d850>, 'Connection to 82.156.74.26 timed out. (connect timeout=None)'))
2026-04-08 11:23:25,383 DEBUG [apiautotest] [client.py (send:25) - =================================================]
2026-04-08 11:23:25,383 DEBUG [apiautotest] [client.py (send:26) - 接口url:http://82.156.74.26:7002/possport/login]
2026-04-08 11:23:25,383 DEBUG [apiautotest] [client.py (send:27) - 接口method:post]
2026-04-08 11:23:25,383 DEBUG [apiautotest] [client.py (send:28) - 接口headers:{'Authorization': ''}]
2026-04-08 11:23:25,383 DEBUG [apiautotest] [client.py (send:29) - 接口params:None]
2026-04-08 11:23:25,383 DEBUG [apiautotest] [client.py (send:30) - 接口data:{'username': 'shamo', 'password': '07d21aad0a7217d58111bc8ae421bc34', 'capcha': '1512', 'uuid': 'asdasdasdasd'}]
2026-04-08 11:23:25,383 DEBUG [apiautotest] [client.py (send:31) - 接口json:None]
2026-04-08 11:23:25,383 DEBUG [apiautotest] [client.py (send:32) - 接口files:None]
2026-04-08 11:23:46,442 ERROR [apiautotest] [client.py (send:49) - 接口发起失败]
Traceback (most recent call last):
  File "D:\pycharm\ApiObjectFramework\.venv\Lib\site-packages\urllib3\connection.py", line 204, in _new_conn
    sock = connection.create_connection(
           ^^^^^^^^^^^^^^^^^^^^^^^^^^^^^
  File "D:\pycharm\ApiObjectFramework\.venv\Lib\site-packages\urllib3\util\connection.py", line 85, in create_connection
    raise err
  File "D:\pycharm\ApiObjectFramework\.venv\Lib\site-packages\urllib3\util\connection.py", line 73, in create_connection
    sock.connect(sa)
TimeoutError: [WinError 10060] 由于连接方在一段时间后没有正确答复或连接的主机没有反应，连接尝试失败。

The above exception was the direct cause of the following exception:

Traceback (most recent call last):
  File "D:\pycharm\ApiObjectFramework\.venv\Lib\site-packages\urllib3\connectionpool.py", line 787, in urlopen
    response = self._make_request(
               ^^^^^^^^^^^^^^^^^^^
  File "D:\pycharm\ApiObjectFramework\.venv\Lib\site-packages\urllib3\connectionpool.py", line 493, in _make_request
    conn.request(
  File "D:\pycharm\ApiObjectFramework\.venv\Lib\site-packages\urllib3\connection.py", line 500, in request
    self.endheaders()
  File "D:\python3.12.10\Lib\http\client.py", line 1333, in endheaders
    self._send_output(message_body, encode_chunked=encode_chunked)
  File "D:\python3.12.10\Lib\http\client.py", line 1093, in _send_output
    self.send(msg)
  File "D:\python3.12.10\Lib\http\client.py", line 1037, in send
    self.connect()
  File "D:\pycharm\ApiObjectFramework\.venv\Lib\site-packages\urllib3\connection.py", line 331, in connect
    self.sock = self._new_conn()
                ^^^^^^^^^^^^^^^^
  File "D:\pycharm\ApiObjectFramework\.venv\Lib\site-packages\urllib3\connection.py", line 213, in _new_conn
    raise ConnectTimeoutError(
urllib3.exceptions.ConnectTimeoutError: (<HTTPConnection(host='82.156.74.26', port=7002) at 0x2077be94e90>, 'Connection to 82.156.74.26 timed out. (connect timeout=None)')

The above exception was the direct cause of the following exception:

Traceback (most recent call last):
  File "D:\pycharm\ApiObjectFramework\.venv\Lib\site-packages\requests\adapters.py", line 644, in send
    resp = conn.urlopen(
           ^^^^^^^^^^^^^
  File "D:\pycharm\ApiObjectFramework\.venv\Lib\site-packages\urllib3\connectionpool.py", line 841, in urlopen
    retries = retries.increment(
              ^^^^^^^^^^^^^^^^^^
  File "D:\pycharm\ApiObjectFramework\.venv\Lib\site-packages\urllib3\util\retry.py", line 535, in increment
    raise MaxRetryError(_pool, url, reason) from reason  # type: ignore[arg-type]
    ^^^^^^^^^^^^^^^^^^^^^^^^^^^^^^^^^^^^^^^^^^^^^^^^^^^
urllib3.exceptions.MaxRetryError: HTTPConnectionPool(host='82.156.74.26', port=7002): Max retries exceeded with url: /possport/login (Caused by ConnectTimeoutError(<HTTPConnection(host='82.156.74.26', port=7002) at 0x2077be94e90>, 'Connection to 82.156.74.26 timed out. (connect timeout=None)'))

During handling of the above exception, another exception occurred:

Traceback (most recent call last):
  File "D:\pycharm\ApiObjectFramework\common\client.py", line 38, in send
    self.resp = RequestsClient.session.request(method=self.method,
                ^^^^^^^^^^^^^^^^^^^^^^^^^^^^^^^^^^^^^^^^^^^^^^^^^^
  File "D:\pycharm\ApiObjectFramework\.venv\Lib\site-packages\requests\sessions.py", line 589, in request
    resp = self.send(prep, **send_kwargs)
           ^^^^^^^^^^^^^^^^^^^^^^^^^^^^^^
  File "D:\pycharm\ApiObjectFramework\.venv\Lib\site-packages\requests\sessions.py", line 703, in send
    r = adapter.send(request, **kwargs)
        ^^^^^^^^^^^^^^^^^^^^^^^^^^^^^^^
  File "D:\pycharm\ApiObjectFramework\.venv\Lib\site-packages\requests\adapters.py", line 665, in send
    raise ConnectTimeout(e, request=request)
requests.exceptions.ConnectTimeout: HTTPConnectionPool(host='82.156.74.26', port=7002): Max retries exceeded with url: /possport/login (Caused by ConnectTimeoutError(<HTTPConnection(host='82.156.74.26', port=7002) at 0x2077be94e90>, 'Connection to 82.156.74.26 timed out. (connect timeout=None)'))
2026-04-08 11:23:46,658 DEBUG [apiautotest] [client.py (send:25) - =================================================]
2026-04-08 11:23:46,658 DEBUG [apiautotest] [client.py (send:26) - 接口url:http://82.156.74.26:7002/possport/login]
2026-04-08 11:23:46,658 DEBUG [apiautotest] [client.py (send:27) - 接口method:post]
2026-04-08 11:23:46,658 DEBUG [apiautotest] [client.py (send:28) - 接口headers:{'Authorization': ''}]
2026-04-08 11:23:46,658 DEBUG [apiautotest] [client.py (send:29) - 接口params:None]
2026-04-08 11:23:46,658 DEBUG [apiautotest] [client.py (send:30) - 接口data:{'username': 'shamo', 'password': '07d21aad0a7217d58111bc8ae421bc34', 'capcha': '1512', 'uuid': 'asdasdasdasd'}]
2026-04-08 11:23:46,659 DEBUG [apiautotest] [client.py (send:31) - 接口json:None]
2026-04-08 11:23:46,659 DEBUG [apiautotest] [client.py (send:32) - 接口files:None]
2026-04-08 11:24:07,696 ERROR [apiautotest] [client.py (send:49) - 接口发起失败]
Traceback (most recent call last):
  File "D:\pycharm\ApiObjectFramework\.venv\Lib\site-packages\urllib3\connection.py", line 204, in _new_conn
    sock = connection.create_connection(
           ^^^^^^^^^^^^^^^^^^^^^^^^^^^^^
  File "D:\pycharm\ApiObjectFramework\.venv\Lib\site-packages\urllib3\util\connection.py", line 85, in create_connection
    raise err
  File "D:\pycharm\ApiObjectFramework\.venv\Lib\site-packages\urllib3\util\connection.py", line 73, in create_connection
    sock.connect(sa)
TimeoutError: [WinError 10060] 由于连接方在一段时间后没有正确答复或连接的主机没有反应，连接尝试失败。

The above exception was the direct cause of the following exception:

Traceback (most recent call last):
  File "D:\pycharm\ApiObjectFramework\.venv\Lib\site-packages\urllib3\connectionpool.py", line 787, in urlopen
    response = self._make_request(
               ^^^^^^^^^^^^^^^^^^^
  File "D:\pycharm\ApiObjectFramework\.venv\Lib\site-packages\urllib3\connectionpool.py", line 493, in _make_request
    conn.request(
  File "D:\pycharm\ApiObjectFramework\.venv\Lib\site-packages\urllib3\connection.py", line 500, in request
    self.endheaders()
  File "D:\python3.12.10\Lib\http\client.py", line 1333, in endheaders
    self._send_output(message_body, encode_chunked=encode_chunked)
  File "D:\python3.12.10\Lib\http\client.py", line 1093, in _send_output
    self.send(msg)
  File "D:\python3.12.10\Lib\http\client.py", line 1037, in send
    self.connect()
  File "D:\pycharm\ApiObjectFramework\.venv\Lib\site-packages\urllib3\connection.py", line 331, in connect
    self.sock = self._new_conn()
                ^^^^^^^^^^^^^^^^
  File "D:\pycharm\ApiObjectFramework\.venv\Lib\site-packages\urllib3\connection.py", line 213, in _new_conn
    raise ConnectTimeoutError(
urllib3.exceptions.ConnectTimeoutError: (<HTTPConnection(host='82.156.74.26', port=7002) at 0x2077d1c9700>, 'Connection to 82.156.74.26 timed out. (connect timeout=None)')

The above exception was the direct cause of the following exception:

Traceback (most recent call last):
  File "D:\pycharm\ApiObjectFramework\.venv\Lib\site-packages\requests\adapters.py", line 644, in send
    resp = conn.urlopen(
           ^^^^^^^^^^^^^
  File "D:\pycharm\ApiObjectFramework\.venv\Lib\site-packages\urllib3\connectionpool.py", line 841, in urlopen
    retries = retries.increment(
              ^^^^^^^^^^^^^^^^^^
  File "D:\pycharm\ApiObjectFramework\.venv\Lib\site-packages\urllib3\util\retry.py", line 535, in increment
    raise MaxRetryError(_pool, url, reason) from reason  # type: ignore[arg-type]
    ^^^^^^^^^^^^^^^^^^^^^^^^^^^^^^^^^^^^^^^^^^^^^^^^^^^
urllib3.exceptions.MaxRetryError: HTTPConnectionPool(host='82.156.74.26', port=7002): Max retries exceeded with url: /possport/login (Caused by ConnectTimeoutError(<HTTPConnection(host='82.156.74.26', port=7002) at 0x2077d1c9700>, 'Connection to 82.156.74.26 timed out. (connect timeout=None)'))

During handling of the above exception, another exception occurred:

Traceback (most recent call last):
  File "D:\pycharm\ApiObjectFramework\common\client.py", line 38, in send
    self.resp = RequestsClient.session.request(method=self.method,
                ^^^^^^^^^^^^^^^^^^^^^^^^^^^^^^^^^^^^^^^^^^^^^^^^^^
  File "D:\pycharm\ApiObjectFramework\.venv\Lib\site-packages\requests\sessions.py", line 589, in request
    resp = self.send(prep, **send_kwargs)
           ^^^^^^^^^^^^^^^^^^^^^^^^^^^^^^
  File "D:\pycharm\ApiObjectFramework\.venv\Lib\site-packages\requests\sessions.py", line 703, in send
    r = adapter.send(request, **kwargs)
        ^^^^^^^^^^^^^^^^^^^^^^^^^^^^^^^
  File "D:\pycharm\ApiObjectFramework\.venv\Lib\site-packages\requests\adapters.py", line 665, in send
    raise ConnectTimeout(e, request=request)
requests.exceptions.ConnectTimeout: HTTPConnectionPool(host='82.156.74.26', port=7002): Max retries exceeded with url: /possport/login (Caused by ConnectTimeoutError(<HTTPConnection(host='82.156.74.26', port=7002) at 0x2077d1c9700>, 'Connection to 82.156.74.26 timed out. (connect timeout=None)'))
2026-04-08 11:24:07,864 DEBUG [apiautotest] [client.py (send:25) - =================================================]
2026-04-08 11:24:07,864 DEBUG [apiautotest] [client.py (send:26) - 接口url:http://82.156.74.26:7002/possport/login]
2026-04-08 11:24:07,864 DEBUG [apiautotest] [client.py (send:27) - 接口method:post]
2026-04-08 11:24:07,864 DEBUG [apiautotest] [client.py (send:28) - 接口headers:{'Authorization': ''}]
2026-04-08 11:24:07,864 DEBUG [apiautotest] [client.py (send:29) - 接口params:None]
2026-04-08 11:24:07,865 DEBUG [apiautotest] [client.py (send:30) - 接口data:{'username': 'shamo', 'password': '07d21aad0a7217d58111bc8ae421bc34', 'capcha': '1512', 'uuid': 'asdasdasdasd'}]
2026-04-08 11:24:07,865 DEBUG [apiautotest] [client.py (send:31) - 接口json:None]
2026-04-08 11:24:07,865 DEBUG [apiautotest] [client.py (send:32) - 接口files:None]
2026-04-08 11:24:28,928 ERROR [apiautotest] [client.py (send:49) - 接口发起失败]
Traceback (most recent call last):
  File "D:\pycharm\ApiObjectFramework\.venv\Lib\site-packages\urllib3\connection.py", line 204, in _new_conn
    sock = connection.create_connection(
           ^^^^^^^^^^^^^^^^^^^^^^^^^^^^^
  File "D:\pycharm\ApiObjectFramework\.venv\Lib\site-packages\urllib3\util\connection.py", line 85, in create_connection
    raise err
  File "D:\pycharm\ApiObjectFramework\.venv\Lib\site-packages\urllib3\util\connection.py", line 73, in create_connection
    sock.connect(sa)
TimeoutError: [WinError 10060] 由于连接方在一段时间后没有正确答复或连接的主机没有反应，连接尝试失败。

The above exception was the direct cause of the following exception:

Traceback (most recent call last):
  File "D:\pycharm\ApiObjectFramework\.venv\Lib\site-packages\urllib3\connectionpool.py", line 787, in urlopen
    response = self._make_request(
               ^^^^^^^^^^^^^^^^^^^
  File "D:\pycharm\ApiObjectFramework\.venv\Lib\site-packages\urllib3\connectionpool.py", line 493, in _make_request
    conn.request(
  File "D:\pycharm\ApiObjectFramework\.venv\Lib\site-packages\urllib3\connection.py", line 500, in request
    self.endheaders()
  File "D:\python3.12.10\Lib\http\client.py", line 1333, in endheaders
    self._send_output(message_body, encode_chunked=encode_chunked)
  File "D:\python3.12.10\Lib\http\client.py", line 1093, in _send_output
    self.send(msg)
  File "D:\python3.12.10\Lib\http\client.py", line 1037, in send
    self.connect()
  File "D:\pycharm\ApiObjectFramework\.venv\Lib\site-packages\urllib3\connection.py", line 331, in connect
    self.sock = self._new_conn()
                ^^^^^^^^^^^^^^^^
  File "D:\pycharm\ApiObjectFramework\.venv\Lib\site-packages\urllib3\connection.py", line 213, in _new_conn
    raise ConnectTimeoutError(
urllib3.exceptions.ConnectTimeoutError: (<HTTPConnection(host='82.156.74.26', port=7002) at 0x2077d1cafc0>, 'Connection to 82.156.74.26 timed out. (connect timeout=None)')

The above exception was the direct cause of the following exception:

Traceback (most recent call last):
  File "D:\pycharm\ApiObjectFramework\.venv\Lib\site-packages\requests\adapters.py", line 644, in send
    resp = conn.urlopen(
           ^^^^^^^^^^^^^
  File "D:\pycharm\ApiObjectFramework\.venv\Lib\site-packages\urllib3\connectionpool.py", line 841, in urlopen
    retries = retries.increment(
              ^^^^^^^^^^^^^^^^^^
  File "D:\pycharm\ApiObjectFramework\.venv\Lib\site-packages\urllib3\util\retry.py", line 535, in increment
    raise MaxRetryError(_pool, url, reason) from reason  # type: ignore[arg-type]
    ^^^^^^^^^^^^^^^^^^^^^^^^^^^^^^^^^^^^^^^^^^^^^^^^^^^
urllib3.exceptions.MaxRetryError: HTTPConnectionPool(host='82.156.74.26', port=7002): Max retries exceeded with url: /possport/login (Caused by ConnectTimeoutError(<HTTPConnection(host='82.156.74.26', port=7002) at 0x2077d1cafc0>, 'Connection to 82.156.74.26 timed out. (connect timeout=None)'))

During handling of the above exception, another exception occurred:

Traceback (most recent call last):
  File "D:\pycharm\ApiObjectFramework\common\client.py", line 38, in send
    self.resp = RequestsClient.session.request(method=self.method,
                ^^^^^^^^^^^^^^^^^^^^^^^^^^^^^^^^^^^^^^^^^^^^^^^^^^
  File "D:\pycharm\ApiObjectFramework\.venv\Lib\site-packages\requests\sessions.py", line 589, in request
    resp = self.send(prep, **send_kwargs)
           ^^^^^^^^^^^^^^^^^^^^^^^^^^^^^^
  File "D:\pycharm\ApiObjectFramework\.venv\Lib\site-packages\requests\sessions.py", line 703, in send
    r = adapter.send(request, **kwargs)
        ^^^^^^^^^^^^^^^^^^^^^^^^^^^^^^^
  File "D:\pycharm\ApiObjectFramework\.venv\Lib\site-packages\requests\adapters.py", line 665, in send
    raise ConnectTimeout(e, request=request)
requests.exceptions.ConnectTimeout: HTTPConnectionPool(host='82.156.74.26', port=7002): Max retries exceeded with url: /possport/login (Caused by ConnectTimeoutError(<HTTPConnection(host='82.156.74.26', port=7002) at 0x2077d1cafc0>, 'Connection to 82.156.74.26 timed out. (connect timeout=None)'))
2026-04-08 11:24:29,073 DEBUG [apiautotest] [client.py (send:25) - =================================================]
2026-04-08 11:24:29,074 DEBUG [apiautotest] [client.py (send:26) - 接口url:http://82.156.74.26:7002/possport/login]
2026-04-08 11:24:29,074 DEBUG [apiautotest] [client.py (send:27) - 接口method:post]
2026-04-08 11:24:29,074 DEBUG [apiautotest] [client.py (send:28) - 接口headers:{'Authorization': ''}]
2026-04-08 11:24:29,074 DEBUG [apiautotest] [client.py (send:29) - 接口params:None]
2026-04-08 11:24:29,074 DEBUG [apiautotest] [client.py (send:30) - 接口data:{'username': 'shamo', 'password': '07d21aad0a7217d58111bc8ae421bc34', 'capcha': '1512', 'uuid': 'asdasdasdasd'}]
2026-04-08 11:24:29,074 DEBUG [apiautotest] [client.py (send:31) - 接口json:None]
2026-04-08 11:24:29,074 DEBUG [apiautotest] [client.py (send:32) - 接口files:None]
2026-04-08 11:24:50,129 ERROR [apiautotest] [client.py (send:49) - 接口发起失败]
Traceback (most recent call last):
  File "D:\pycharm\ApiObjectFramework\.venv\Lib\site-packages\urllib3\connection.py", line 204, in _new_conn
    sock = connection.create_connection(
           ^^^^^^^^^^^^^^^^^^^^^^^^^^^^^
  File "D:\pycharm\ApiObjectFramework\.venv\Lib\site-packages\urllib3\util\connection.py", line 85, in create_connection
    raise err
  File "D:\pycharm\ApiObjectFramework\.venv\Lib\site-packages\urllib3\util\connection.py", line 73, in create_connection
    sock.connect(sa)
TimeoutError: [WinError 10060] 由于连接方在一段时间后没有正确答复或连接的主机没有反应，连接尝试失败。

The above exception was the direct cause of the following exception:

Traceback (most recent call last):
  File "D:\pycharm\ApiObjectFramework\.venv\Lib\site-packages\urllib3\connectionpool.py", line 787, in urlopen
    response = self._make_request(
               ^^^^^^^^^^^^^^^^^^^
  File "D:\pycharm\ApiObjectFramework\.venv\Lib\site-packages\urllib3\connectionpool.py", line 493, in _make_request
    conn.request(
  File "D:\pycharm\ApiObjectFramework\.venv\Lib\site-packages\urllib3\connection.py", line 500, in request
    self.endheaders()
  File "D:\python3.12.10\Lib\http\client.py", line 1333, in endheaders
    self._send_output(message_body, encode_chunked=encode_chunked)
  File "D:\python3.12.10\Lib\http\client.py", line 1093, in _send_output
    self.send(msg)
  File "D:\python3.12.10\Lib\http\client.py", line 1037, in send
    self.connect()
  File "D:\pycharm\ApiObjectFramework\.venv\Lib\site-packages\urllib3\connection.py", line 331, in connect
    self.sock = self._new_conn()
                ^^^^^^^^^^^^^^^^
  File "D:\pycharm\ApiObjectFramework\.venv\Lib\site-packages\urllib3\connection.py", line 213, in _new_conn
    raise ConnectTimeoutError(
urllib3.exceptions.ConnectTimeoutError: (<HTTPConnection(host='82.156.74.26', port=7002) at 0x2077d221280>, 'Connection to 82.156.74.26 timed out. (connect timeout=None)')

The above exception was the direct cause of the following exception:

Traceback (most recent call last):
  File "D:\pycharm\ApiObjectFramework\.venv\Lib\site-packages\requests\adapters.py", line 644, in send
    resp = conn.urlopen(
           ^^^^^^^^^^^^^
  File "D:\pycharm\ApiObjectFramework\.venv\Lib\site-packages\urllib3\connectionpool.py", line 841, in urlopen
    retries = retries.increment(
              ^^^^^^^^^^^^^^^^^^
  File "D:\pycharm\ApiObjectFramework\.venv\Lib\site-packages\urllib3\util\retry.py", line 535, in increment
    raise MaxRetryError(_pool, url, reason) from reason  # type: ignore[arg-type]
    ^^^^^^^^^^^^^^^^^^^^^^^^^^^^^^^^^^^^^^^^^^^^^^^^^^^
urllib3.exceptions.MaxRetryError: HTTPConnectionPool(host='82.156.74.26', port=7002): Max retries exceeded with url: /possport/login (Caused by ConnectTimeoutError(<HTTPConnection(host='82.156.74.26', port=7002) at 0x2077d221280>, 'Connection to 82.156.74.26 timed out. (connect timeout=None)'))

During handling of the above exception, another exception occurred:

Traceback (most recent call last):
  File "D:\pycharm\ApiObjectFramework\common\client.py", line 38, in send
    self.resp = RequestsClient.session.request(method=self.method,
                ^^^^^^^^^^^^^^^^^^^^^^^^^^^^^^^^^^^^^^^^^^^^^^^^^^
  File "D:\pycharm\ApiObjectFramework\.venv\Lib\site-packages\requests\sessions.py", line 589, in request
    resp = self.send(prep, **send_kwargs)
           ^^^^^^^^^^^^^^^^^^^^^^^^^^^^^^
  File "D:\pycharm\ApiObjectFramework\.venv\Lib\site-packages\requests\sessions.py", line 703, in send
    r = adapter.send(request, **kwargs)
        ^^^^^^^^^^^^^^^^^^^^^^^^^^^^^^^
  File "D:\pycharm\ApiObjectFramework\.venv\Lib\site-packages\requests\adapters.py", line 665, in send
    raise ConnectTimeout(e, request=request)
requests.exceptions.ConnectTimeout: HTTPConnectionPool(host='82.156.74.26', port=7002): Max retries exceeded with url: /possport/login (Caused by ConnectTimeoutError(<HTTPConnection(host='82.156.74.26', port=7002) at 0x2077d221280>, 'Connection to 82.156.74.26 timed out. (connect timeout=None)'))
2026-04-08 11:24:50,274 DEBUG [apiautotest] [client.py (send:25) - =================================================]
2026-04-08 11:24:50,275 DEBUG [apiautotest] [client.py (send:26) - 接口url:http://82.156.74.26:7002/possport/login]
2026-04-08 11:24:50,275 DEBUG [apiautotest] [client.py (send:27) - 接口method:post]
2026-04-08 11:24:50,275 DEBUG [apiautotest] [client.py (send:28) - 接口headers:{'Authorization': ''}]
2026-04-08 11:24:50,275 DEBUG [apiautotest] [client.py (send:29) - 接口params:None]
2026-04-08 11:24:50,275 DEBUG [apiautotest] [client.py (send:30) - 接口data:{'username': 'shamo', 'password': '07d21aad0a7217d58111bc8ae421bc34', 'capcha': '1512', 'uuid': 'asdasdasdasd'}]
2026-04-08 11:24:50,275 DEBUG [apiautotest] [client.py (send:31) - 接口json:None]
2026-04-08 11:24:50,275 DEBUG [apiautotest] [client.py (send:32) - 接口files:None]
2026-04-08 11:25:11,311 ERROR [apiautotest] [client.py (send:49) - 接口发起失败]
Traceback (most recent call last):
  File "D:\pycharm\ApiObjectFramework\.venv\Lib\site-packages\urllib3\connection.py", line 204, in _new_conn
    sock = connection.create_connection(
           ^^^^^^^^^^^^^^^^^^^^^^^^^^^^^
  File "D:\pycharm\ApiObjectFramework\.venv\Lib\site-packages\urllib3\util\connection.py", line 85, in create_connection
    raise err
  File "D:\pycharm\ApiObjectFramework\.venv\Lib\site-packages\urllib3\util\connection.py", line 73, in create_connection
    sock.connect(sa)
TimeoutError: [WinError 10060] 由于连接方在一段时间后没有正确答复或连接的主机没有反应，连接尝试失败。

The above exception was the direct cause of the following exception:

Traceback (most recent call last):
  File "D:\pycharm\ApiObjectFramework\.venv\Lib\site-packages\urllib3\connectionpool.py", line 787, in urlopen
    response = self._make_request(
               ^^^^^^^^^^^^^^^^^^^
  File "D:\pycharm\ApiObjectFramework\.venv\Lib\site-packages\urllib3\connectionpool.py", line 493, in _make_request
    conn.request(
  File "D:\pycharm\ApiObjectFramework\.venv\Lib\site-packages\urllib3\connection.py", line 500, in request
    self.endheaders()
  File "D:\python3.12.10\Lib\http\client.py", line 1333, in endheaders
    self._send_output(message_body, encode_chunked=encode_chunked)
  File "D:\python3.12.10\Lib\http\client.py", line 1093, in _send_output
    self.send(msg)
  File "D:\python3.12.10\Lib\http\client.py", line 1037, in send
    self.connect()
  File "D:\pycharm\ApiObjectFramework\.venv\Lib\site-packages\urllib3\connection.py", line 331, in connect
    self.sock = self._new_conn()
                ^^^^^^^^^^^^^^^^
  File "D:\pycharm\ApiObjectFramework\.venv\Lib\site-packages\urllib3\connection.py", line 213, in _new_conn
    raise ConnectTimeoutError(
urllib3.exceptions.ConnectTimeoutError: (<HTTPConnection(host='82.156.74.26', port=7002) at 0x2077d223800>, 'Connection to 82.156.74.26 timed out. (connect timeout=None)')

The above exception was the direct cause of the following exception:

Traceback (most recent call last):
  File "D:\pycharm\ApiObjectFramework\.venv\Lib\site-packages\requests\adapters.py", line 644, in send
    resp = conn.urlopen(
           ^^^^^^^^^^^^^
  File "D:\pycharm\ApiObjectFramework\.venv\Lib\site-packages\urllib3\connectionpool.py", line 841, in urlopen
    retries = retries.increment(
              ^^^^^^^^^^^^^^^^^^
  File "D:\pycharm\ApiObjectFramework\.venv\Lib\site-packages\urllib3\util\retry.py", line 535, in increment
    raise MaxRetryError(_pool, url, reason) from reason  # type: ignore[arg-type]
    ^^^^^^^^^^^^^^^^^^^^^^^^^^^^^^^^^^^^^^^^^^^^^^^^^^^
urllib3.exceptions.MaxRetryError: HTTPConnectionPool(host='82.156.74.26', port=7002): Max retries exceeded with url: /possport/login (Caused by ConnectTimeoutError(<HTTPConnection(host='82.156.74.26', port=7002) at 0x2077d223800>, 'Connection to 82.156.74.26 timed out. (connect timeout=None)'))

During handling of the above exception, another exception occurred:

Traceback (most recent call last):
  File "D:\pycharm\ApiObjectFramework\common\client.py", line 38, in send
    self.resp = RequestsClient.session.request(method=self.method,
                ^^^^^^^^^^^^^^^^^^^^^^^^^^^^^^^^^^^^^^^^^^^^^^^^^^
  File "D:\pycharm\ApiObjectFramework\.venv\Lib\site-packages\requests\sessions.py", line 589, in request
    resp = self.send(prep, **send_kwargs)
           ^^^^^^^^^^^^^^^^^^^^^^^^^^^^^^
  File "D:\pycharm\ApiObjectFramework\.venv\Lib\site-packages\requests\sessions.py", line 703, in send
    r = adapter.send(request, **kwargs)
        ^^^^^^^^^^^^^^^^^^^^^^^^^^^^^^^
  File "D:\pycharm\ApiObjectFramework\.venv\Lib\site-packages\requests\adapters.py", line 665, in send
    raise ConnectTimeout(e, request=request)
requests.exceptions.ConnectTimeout: HTTPConnectionPool(host='82.156.74.26', port=7002): Max retries exceeded with url: /possport/login (Caused by ConnectTimeoutError(<HTTPConnection(host='82.156.74.26', port=7002) at 0x2077d223800>, 'Connection to 82.156.74.26 timed out. (connect timeout=None)'))
2026-04-08 11:25:11,523 DEBUG [apiautotest] [client.py (send:25) - =================================================]
2026-04-08 11:25:11,524 DEBUG [apiautotest] [client.py (send:26) - 接口url:http://82.156.74.26:7002/possport/login]
2026-04-08 11:25:11,524 DEBUG [apiautotest] [client.py (send:27) - 接口method:post]
2026-04-08 11:25:11,524 DEBUG [apiautotest] [client.py (send:28) - 接口headers:{'Authorization': ''}]
2026-04-08 11:25:11,524 DEBUG [apiautotest] [client.py (send:29) - 接口params:None]
2026-04-08 11:25:11,524 DEBUG [apiautotest] [client.py (send:30) - 接口data:{'username': 'shamo', 'password': '07d21aad0a7217d58111bc8ae421bc34', 'capcha': '1512', 'uuid': 'asdasdasdasd'}]
2026-04-08 11:25:11,524 DEBUG [apiautotest] [client.py (send:31) - 接口json:None]
2026-04-08 11:25:11,524 DEBUG [apiautotest] [client.py (send:32) - 接口files:None]
2026-04-08 11:25:32,577 ERROR [apiautotest] [client.py (send:49) - 接口发起失败]
Traceback (most recent call last):
  File "D:\pycharm\ApiObjectFramework\.venv\Lib\site-packages\urllib3\connection.py", line 204, in _new_conn
    sock = connection.create_connection(
           ^^^^^^^^^^^^^^^^^^^^^^^^^^^^^
  File "D:\pycharm\ApiObjectFramework\.venv\Lib\site-packages\urllib3\util\connection.py", line 85, in create_connection
    raise err
  File "D:\pycharm\ApiObjectFramework\.venv\Lib\site-packages\urllib3\util\connection.py", line 73, in create_connection
    sock.connect(sa)
TimeoutError: [WinError 10060] 由于连接方在一段时间后没有正确答复或连接的主机没有反应，连接尝试失败。

The above exception was the direct cause of the following exception:

Traceback (most recent call last):
  File "D:\pycharm\ApiObjectFramework\.venv\Lib\site-packages\urllib3\connectionpool.py", line 787, in urlopen
    response = self._make_request(
               ^^^^^^^^^^^^^^^^^^^
  File "D:\pycharm\ApiObjectFramework\.venv\Lib\site-packages\urllib3\connectionpool.py", line 493, in _make_request
    conn.request(
  File "D:\pycharm\ApiObjectFramework\.venv\Lib\site-packages\urllib3\connection.py", line 500, in request
    self.endheaders()
  File "D:\python3.12.10\Lib\http\client.py", line 1333, in endheaders
    self._send_output(message_body, encode_chunked=encode_chunked)
  File "D:\python3.12.10\Lib\http\client.py", line 1093, in _send_output
    self.send(msg)
  File "D:\python3.12.10\Lib\http\client.py", line 1037, in send
    self.connect()
  File "D:\pycharm\ApiObjectFramework\.venv\Lib\site-packages\urllib3\connection.py", line 331, in connect
    self.sock = self._new_conn()
                ^^^^^^^^^^^^^^^^
  File "D:\pycharm\ApiObjectFramework\.venv\Lib\site-packages\urllib3\connection.py", line 213, in _new_conn
    raise ConnectTimeoutError(
urllib3.exceptions.ConnectTimeoutError: (<HTTPConnection(host='82.156.74.26', port=7002) at 0x2077d239be0>, 'Connection to 82.156.74.26 timed out. (connect timeout=None)')

The above exception was the direct cause of the following exception:

Traceback (most recent call last):
  File "D:\pycharm\ApiObjectFramework\.venv\Lib\site-packages\requests\adapters.py", line 644, in send
    resp = conn.urlopen(
           ^^^^^^^^^^^^^
  File "D:\pycharm\ApiObjectFramework\.venv\Lib\site-packages\urllib3\connectionpool.py", line 841, in urlopen
    retries = retries.increment(
              ^^^^^^^^^^^^^^^^^^
  File "D:\pycharm\ApiObjectFramework\.venv\Lib\site-packages\urllib3\util\retry.py", line 535, in increment
    raise MaxRetryError(_pool, url, reason) from reason  # type: ignore[arg-type]
    ^^^^^^^^^^^^^^^^^^^^^^^^^^^^^^^^^^^^^^^^^^^^^^^^^^^
urllib3.exceptions.MaxRetryError: HTTPConnectionPool(host='82.156.74.26', port=7002): Max retries exceeded with url: /possport/login (Caused by ConnectTimeoutError(<HTTPConnection(host='82.156.74.26', port=7002) at 0x2077d239be0>, 'Connection to 82.156.74.26 timed out. (connect timeout=None)'))

During handling of the above exception, another exception occurred:

Traceback (most recent call last):
  File "D:\pycharm\ApiObjectFramework\common\client.py", line 38, in send
    self.resp = RequestsClient.session.request(method=self.method,
                ^^^^^^^^^^^^^^^^^^^^^^^^^^^^^^^^^^^^^^^^^^^^^^^^^^
  File "D:\pycharm\ApiObjectFramework\.venv\Lib\site-packages\requests\sessions.py", line 589, in request
    resp = self.send(prep, **send_kwargs)
           ^^^^^^^^^^^^^^^^^^^^^^^^^^^^^^
  File "D:\pycharm\ApiObjectFramework\.venv\Lib\site-packages\requests\sessions.py", line 703, in send
    r = adapter.send(request, **kwargs)
        ^^^^^^^^^^^^^^^^^^^^^^^^^^^^^^^
  File "D:\pycharm\ApiObjectFramework\.venv\Lib\site-packages\requests\adapters.py", line 665, in send
    raise ConnectTimeout(e, request=request)
requests.exceptions.ConnectTimeout: HTTPConnectionPool(host='82.156.74.26', port=7002): Max retries exceeded with url: /possport/login (Caused by ConnectTimeoutError(<HTTPConnection(host='82.156.74.26', port=7002) at 0x2077d239be0>, 'Connection to 82.156.74.26 timed out. (connect timeout=None)'))
2026-04-08 11:25:32,718 DEBUG [apiautotest] [client.py (send:25) - =================================================]
2026-04-08 11:25:32,718 DEBUG [apiautotest] [client.py (send:26) - 接口url:http://82.156.74.26:7002/possport/login]
2026-04-08 11:25:32,718 DEBUG [apiautotest] [client.py (send:27) - 接口method:post]
2026-04-08 11:25:32,718 DEBUG [apiautotest] [client.py (send:28) - 接口headers:{'Authorization': ''}]
2026-04-08 11:25:32,718 DEBUG [apiautotest] [client.py (send:29) - 接口params:None]
2026-04-08 11:25:32,718 DEBUG [apiautotest] [client.py (send:30) - 接口data:{'username': 'shamo', 'password': '07d21aad0a7217d58111bc8ae421bc34', 'capcha': '1512', 'uuid': 'asdasdasdasd'}]
2026-04-08 11:25:32,719 DEBUG [apiautotest] [client.py (send:31) - 接口json:None]
2026-04-08 11:25:32,719 DEBUG [apiautotest] [client.py (send:32) - 接口files:None]
2026-04-08 11:25:53,742 ERROR [apiautotest] [client.py (send:49) - 接口发起失败]
Traceback (most recent call last):
  File "D:\pycharm\ApiObjectFramework\.venv\Lib\site-packages\urllib3\connection.py", line 204, in _new_conn
    sock = connection.create_connection(
           ^^^^^^^^^^^^^^^^^^^^^^^^^^^^^
  File "D:\pycharm\ApiObjectFramework\.venv\Lib\site-packages\urllib3\util\connection.py", line 85, in create_connection
    raise err
  File "D:\pycharm\ApiObjectFramework\.venv\Lib\site-packages\urllib3\util\connection.py", line 73, in create_connection
    sock.connect(sa)
TimeoutError: [WinError 10060] 由于连接方在一段时间后没有正确答复或连接的主机没有反应，连接尝试失败。

The above exception was the direct cause of the following exception:

Traceback (most recent call last):
  File "D:\pycharm\ApiObjectFramework\.venv\Lib\site-packages\urllib3\connectionpool.py", line 787, in urlopen
    response = self._make_request(
               ^^^^^^^^^^^^^^^^^^^
  File "D:\pycharm\ApiObjectFramework\.venv\Lib\site-packages\urllib3\connectionpool.py", line 493, in _make_request
    conn.request(
  File "D:\pycharm\ApiObjectFramework\.venv\Lib\site-packages\urllib3\connection.py", line 500, in request
    self.endheaders()
  File "D:\python3.12.10\Lib\http\client.py", line 1333, in endheaders
    self._send_output(message_body, encode_chunked=encode_chunked)
  File "D:\python3.12.10\Lib\http\client.py", line 1093, in _send_output
    self.send(msg)
  File "D:\python3.12.10\Lib\http\client.py", line 1037, in send
    self.connect()
  File "D:\pycharm\ApiObjectFramework\.venv\Lib\site-packages\urllib3\connection.py", line 331, in connect
    self.sock = self._new_conn()
                ^^^^^^^^^^^^^^^^
  File "D:\pycharm\ApiObjectFramework\.venv\Lib\site-packages\urllib3\connection.py", line 213, in _new_conn
    raise ConnectTimeoutError(
urllib3.exceptions.ConnectTimeoutError: (<HTTPConnection(host='82.156.74.26', port=7002) at 0x2077d1cef90>, 'Connection to 82.156.74.26 timed out. (connect timeout=None)')

The above exception was the direct cause of the following exception:

Traceback (most recent call last):
  File "D:\pycharm\ApiObjectFramework\.venv\Lib\site-packages\requests\adapters.py", line 644, in send
    resp = conn.urlopen(
           ^^^^^^^^^^^^^
  File "D:\pycharm\ApiObjectFramework\.venv\Lib\site-packages\urllib3\connectionpool.py", line 841, in urlopen
    retries = retries.increment(
              ^^^^^^^^^^^^^^^^^^
  File "D:\pycharm\ApiObjectFramework\.venv\Lib\site-packages\urllib3\util\retry.py", line 535, in increment
    raise MaxRetryError(_pool, url, reason) from reason  # type: ignore[arg-type]
    ^^^^^^^^^^^^^^^^^^^^^^^^^^^^^^^^^^^^^^^^^^^^^^^^^^^
urllib3.exceptions.MaxRetryError: HTTPConnectionPool(host='82.156.74.26', port=7002): Max retries exceeded with url: /possport/login (Caused by ConnectTimeoutError(<HTTPConnection(host='82.156.74.26', port=7002) at 0x2077d1cef90>, 'Connection to 82.156.74.26 timed out. (connect timeout=None)'))

During handling of the above exception, another exception occurred:

Traceback (most recent call last):
  File "D:\pycharm\ApiObjectFramework\common\client.py", line 38, in send
    self.resp = RequestsClient.session.request(method=self.method,
                ^^^^^^^^^^^^^^^^^^^^^^^^^^^^^^^^^^^^^^^^^^^^^^^^^^
  File "D:\pycharm\ApiObjectFramework\.venv\Lib\site-packages\requests\sessions.py", line 589, in request
    resp = self.send(prep, **send_kwargs)
           ^^^^^^^^^^^^^^^^^^^^^^^^^^^^^^
  File "D:\pycharm\ApiObjectFramework\.venv\Lib\site-packages\requests\sessions.py", line 703, in send
    r = adapter.send(request, **kwargs)
        ^^^^^^^^^^^^^^^^^^^^^^^^^^^^^^^
  File "D:\pycharm\ApiObjectFramework\.venv\Lib\site-packages\requests\adapters.py", line 665, in send
    raise ConnectTimeout(e, request=request)
requests.exceptions.ConnectTimeout: HTTPConnectionPool(host='82.156.74.26', port=7002): Max retries exceeded with url: /possport/login (Caused by ConnectTimeoutError(<HTTPConnection(host='82.156.74.26', port=7002) at 0x2077d1cef90>, 'Connection to 82.156.74.26 timed out. (connect timeout=None)'))
